2019-08-14 12:16:13.635  INFO 10392 --- [restartedMain] com.cg.devops.DevopsApplication          : Starting DevopsApplication on DIN13002277 with PID 10392 (C:\Users\trainee\git\devOps\devops\target\classes started by trainee in C:\Users\trainee\git\devOps\devops)
2019-08-14 12:16:13.689  INFO 10392 --- [restartedMain] com.cg.devops.DevopsApplication          : The following profiles are active: dev
2019-08-14 12:16:13.974  INFO 10392 --- [restartedMain] .e.DevToolsPropertyDefaultsPostProcessor : Devtools property defaults active! Set 'spring.devtools.add-properties' to 'false' to disable
2019-08-14 12:16:13.974  INFO 10392 --- [restartedMain] .e.DevToolsPropertyDefaultsPostProcessor : For additional web related logging consider setting the 'logging.level.web' property to 'DEBUG'
2019-08-14 12:16:15.857  INFO 10392 --- [restartedMain] o.s.b.w.embedded.tomcat.TomcatWebServer  : Tomcat initialized with port(s): 8081 (http)
2019-08-14 12:16:15.911  INFO 10392 --- [restartedMain] o.apache.catalina.core.StandardService   : Starting service [Tomcat]
2019-08-14 12:16:15.911  INFO 10392 --- [restartedMain] org.apache.catalina.core.StandardEngine  : Starting Servlet engine: [Apache Tomcat/9.0.22]
2019-08-14 12:16:16.068  INFO 10392 --- [restartedMain] o.a.c.c.C.[Tomcat].[localhost].[/]       : Initializing Spring embedded WebApplicationContext
2019-08-14 12:16:16.068  INFO 10392 --- [restartedMain] o.s.web.context.ContextLoader            : Root WebApplicationContext: initialization completed in 2094 ms
2019-08-14 12:16:16.412  INFO 10392 --- [restartedMain] o.s.s.concurrent.ThreadPoolTaskExecutor  : Initializing ExecutorService 'applicationTaskExecutor'
2019-08-14 12:16:16.673  INFO 10392 --- [restartedMain] o.s.b.d.a.OptionalLiveReloadServer       : LiveReload server is running on port 35729
2019-08-14 12:16:16.786  INFO 10392 --- [restartedMain] o.s.b.w.embedded.tomcat.TomcatWebServer  : Tomcat started on port(s): 8081 (http) with context path ''
2019-08-14 12:16:16.791  INFO 10392 --- [restartedMain] com.cg.devops.DevopsApplication          : Started DevopsApplication in 4.039 seconds (JVM running for 5.478)
2019-08-14 12:24:25.356  INFO 10392 --- [Thread-7] o.s.s.concurrent.ThreadPoolTaskExecutor  : Shutting down ExecutorService 'applicationTaskExecutor'
2019-08-14 12:24:26.112  INFO 10392 --- [restartedMain] com.cg.devops.DevopsApplication          : Starting DevopsApplication on DIN13002277 with PID 10392 (C:\Users\trainee\git\devOps\devops\target\classes started by trainee in C:\Users\trainee\git\devOps\devops)
2019-08-14 12:24:26.112  INFO 10392 --- [restartedMain] com.cg.devops.DevopsApplication          : The following profiles are active: dev
2019-08-14 12:24:26.424  INFO 10392 --- [restartedMain] o.s.b.w.embedded.tomcat.TomcatWebServer  : Tomcat initialized with port(s): 8081 (http)
2019-08-14 12:24:26.426  INFO 10392 --- [restartedMain] o.apache.catalina.core.StandardService   : Starting service [Tomcat]
2019-08-14 12:24:26.426  INFO 10392 --- [restartedMain] org.apache.catalina.core.StandardEngine  : Starting Servlet engine: [Apache Tomcat/9.0.22]
2019-08-14 12:24:26.454  INFO 10392 --- [restartedMain] o.a.c.c.C.[Tomcat].[localhost].[/]       : Initializing Spring embedded WebApplicationContext
2019-08-14 12:24:26.454  INFO 10392 --- [restartedMain] o.s.web.context.ContextLoader            : Root WebApplicationContext: initialization completed in 340 ms
2019-08-14 12:24:26.522  INFO 10392 --- [restartedMain] o.s.s.concurrent.ThreadPoolTaskExecutor  : Initializing ExecutorService 'applicationTaskExecutor'
2019-08-14 12:24:26.564  INFO 10392 --- [restartedMain] o.s.b.d.a.OptionalLiveReloadServer       : LiveReload server is running on port 35729
2019-08-14 12:24:26.587  INFO 10392 --- [restartedMain] o.s.b.w.embedded.tomcat.TomcatWebServer  : Tomcat started on port(s): 8081 (http) with context path ''
2019-08-14 12:24:26.587  INFO 10392 --- [restartedMain] com.cg.devops.DevopsApplication          : Started DevopsApplication in 0.506 seconds (JVM running for 495.246)
2019-08-14 12:24:26.590  INFO 10392 --- [restartedMain] .ConditionEvaluationDeltaLoggingListener : Condition evaluation unchanged
2019-08-14 12:29:15.145  INFO 10392 --- [http-nio-8081-exec-3] o.a.c.c.C.[Tomcat].[localhost].[/]       : Initializing Spring DispatcherServlet 'dispatcherServlet'
2019-08-14 12:29:15.146  INFO 10392 --- [http-nio-8081-exec-3] o.s.web.servlet.DispatcherServlet        : Initializing Servlet 'dispatcherServlet'
2019-08-14 12:29:15.159  INFO 10392 --- [http-nio-8081-exec-3] o.s.web.servlet.DispatcherServlet        : Completed initialization in 13 ms
2019-08-14 14:31:19.420  INFO 10392 --- [RMI TCP Connection(138)-127.0.0.1] inMXBeanRegistrar$SpringApplicationAdmin : Application shutdown requested.
2019-08-14 14:31:19.424  INFO 10392 --- [RMI TCP Connection(138)-127.0.0.1] o.s.s.concurrent.ThreadPoolTaskExecutor  : Shutting down ExecutorService 'applicationTaskExecutor'
