2019-08-09 12:28:00.075  INFO 7748 --- [restartedMain] com.example.devops.DevopsApplication     : Starting DevopsApplication on DIN13002277 with PID 7748 (C:\Users\trainee\Documents\workspace-spring-tool4\devops\target\classes started by trainee in C:\Users\trainee\Documents\workspace-spring-tool4\devops)
2019-08-09 12:28:00.083  INFO 7748 --- [restartedMain] com.example.devops.DevopsApplication     : The following profiles are active: dev
2019-08-09 12:28:00.179  INFO 7748 --- [restartedMain] .e.DevToolsPropertyDefaultsPostProcessor : Devtools property defaults active! Set 'spring.devtools.add-properties' to 'false' to disable
2019-08-09 12:28:00.179  INFO 7748 --- [restartedMain] .e.DevToolsPropertyDefaultsPostProcessor : For additional web related logging consider setting the 'logging.level.web' property to 'DEBUG'
2019-08-09 12:28:01.836  INFO 7748 --- [restartedMain] o.s.b.w.embedded.tomcat.TomcatWebServer  : Tomcat initialized with port(s): 8081 (http)
2019-08-09 12:28:01.852  INFO 7748 --- [restartedMain] o.apache.catalina.core.StandardService   : Starting service [Tomcat]
2019-08-09 12:28:01.852  INFO 7748 --- [restartedMain] org.apache.catalina.core.StandardEngine  : Starting Servlet engine: [Apache Tomcat/9.0.22]
2019-08-09 12:28:01.947  INFO 7748 --- [restartedMain] o.a.c.c.C.[Tomcat].[localhost].[/]       : Initializing Spring embedded WebApplicationContext
2019-08-09 12:28:01.947  INFO 7748 --- [restartedMain] o.s.web.context.ContextLoader            : Root WebApplicationContext: initialization completed in 1768 ms
2019-08-09 12:28:02.310  INFO 7748 --- [restartedMain] o.s.s.concurrent.ThreadPoolTaskExecutor  : Initializing ExecutorService 'applicationTaskExecutor'
2019-08-09 12:28:02.476  INFO 7748 --- [restartedMain] o.s.b.d.a.OptionalLiveReloadServer       : LiveReload server is running on port 35729
2019-08-09 12:28:02.518  INFO 7748 --- [restartedMain] o.s.b.w.embedded.tomcat.TomcatWebServer  : Tomcat started on port(s): 8081 (http) with context path ''
2019-08-09 12:28:02.521  INFO 7748 --- [restartedMain] com.example.devops.DevopsApplication     : Started DevopsApplication in 3.872 seconds (JVM running for 5.363)
2019-08-09 12:28:39.225  INFO 7748 --- [http-nio-8081-exec-1] o.a.c.c.C.[Tomcat].[localhost].[/]       : Initializing Spring DispatcherServlet 'dispatcherServlet'
2019-08-09 12:28:39.226  INFO 7748 --- [http-nio-8081-exec-1] o.s.web.servlet.DispatcherServlet        : Initializing Servlet 'dispatcherServlet'
2019-08-09 12:28:39.263  INFO 7748 --- [http-nio-8081-exec-1] o.s.web.servlet.DispatcherServlet        : Completed initialization in 37 ms
2019-08-09 12:32:15.965  INFO 7748 --- [RMI TCP Connection(16)-127.0.0.1] inMXBeanRegistrar$SpringApplicationAdmin : Application shutdown requested.
2019-08-09 12:32:15.970  INFO 7748 --- [RMI TCP Connection(16)-127.0.0.1] o.s.s.concurrent.ThreadPoolTaskExecutor  : Shutting down ExecutorService 'applicationTaskExecutor'
2019-08-09 12:35:39.939  INFO 6856 --- [restartedMain] com.example.devops.DevopsApplication     : Starting DevopsApplication on DIN13002277 with PID 6856 (C:\Users\trainee\Documents\workspace-spring-tool4\devops\target\classes started by trainee in C:\Users\trainee\Documents\workspace-spring-tool4\devops)
2019-08-09 12:35:39.942  INFO 6856 --- [restartedMain] com.example.devops.DevopsApplication     : The following profiles are active: dev
2019-08-09 12:35:39.982  INFO 6856 --- [restartedMain] .e.DevToolsPropertyDefaultsPostProcessor : Devtools property defaults active! Set 'spring.devtools.add-properties' to 'false' to disable
2019-08-09 12:35:39.982  INFO 6856 --- [restartedMain] .e.DevToolsPropertyDefaultsPostProcessor : For additional web related logging consider setting the 'logging.level.web' property to 'DEBUG'
2019-08-09 12:35:40.932  INFO 6856 --- [restartedMain] o.s.b.w.embedded.tomcat.TomcatWebServer  : Tomcat initialized with port(s): 8081 (http)
2019-08-09 12:35:40.949  INFO 6856 --- [restartedMain] o.apache.catalina.core.StandardService   : Starting service [Tomcat]
2019-08-09 12:35:40.950  INFO 6856 --- [restartedMain] org.apache.catalina.core.StandardEngine  : Starting Servlet engine: [Apache Tomcat/9.0.22]
2019-08-09 12:35:41.020  INFO 6856 --- [restartedMain] o.a.c.c.C.[Tomcat].[localhost].[/]       : Initializing Spring embedded WebApplicationContext
2019-08-09 12:35:41.020  INFO 6856 --- [restartedMain] o.s.web.context.ContextLoader            : Root WebApplicationContext: initialization completed in 1038 ms
2019-08-09 12:35:41.257  INFO 6856 --- [restartedMain] o.s.s.concurrent.ThreadPoolTaskExecutor  : Initializing ExecutorService 'applicationTaskExecutor'
2019-08-09 12:35:41.395  INFO 6856 --- [restartedMain] o.s.b.d.a.OptionalLiveReloadServer       : LiveReload server is running on port 35729
2019-08-09 12:35:41.441  INFO 6856 --- [restartedMain] o.s.b.w.embedded.tomcat.TomcatWebServer  : Tomcat started on port(s): 8081 (http) with context path ''
2019-08-09 12:35:41.444  INFO 6856 --- [restartedMain] com.example.devops.DevopsApplication     : Started DevopsApplication in 1.764 seconds (JVM running for 2.214)
2019-08-09 12:35:47.685  INFO 6856 --- [http-nio-8081-exec-1] o.a.c.c.C.[Tomcat].[localhost].[/]       : Initializing Spring DispatcherServlet 'dispatcherServlet'
2019-08-09 12:35:47.685  INFO 6856 --- [http-nio-8081-exec-1] o.s.web.servlet.DispatcherServlet        : Initializing Servlet 'dispatcherServlet'
2019-08-09 12:35:47.690  INFO 6856 --- [http-nio-8081-exec-1] o.s.web.servlet.DispatcherServlet        : Completed initialization in 5 ms
2019-08-09 12:35:47.918 ERROR 6856 --- [http-nio-8081-exec-1] o.a.c.c.C.[.[.[/].[dispatcherServlet]    : Servlet.service() for servlet [dispatcherServlet] in context with path [] threw exception [Request processing failed; nested exception is java.lang.NullPointerException] with root cause

java.lang.NullPointerException: null
	at com.example.devops.dao.ReportDaoImpl.getBugs(ReportDaoImpl.java:39) ~[classes/:na]
	at com.example.devops.service.ReportServiceImpl.getReport(ReportServiceImpl.java:23) ~[classes/:na]
	at com.example.devops.controller.ReportController.removeStudent(ReportController.java:20) ~[classes/:na]
	at sun.reflect.NativeMethodAccessorImpl.invoke0(Native Method) ~[na:1.8.0_131]
	at sun.reflect.NativeMethodAccessorImpl.invoke(NativeMethodAccessorImpl.java:62) ~[na:1.8.0_131]
	at sun.reflect.DelegatingMethodAccessorImpl.invoke(DelegatingMethodAccessorImpl.java:43) ~[na:1.8.0_131]
	at java.lang.reflect.Method.invoke(Method.java:498) ~[na:1.8.0_131]
	at org.springframework.web.method.support.InvocableHandlerMethod.doInvoke(InvocableHandlerMethod.java:190) ~[spring-web-5.1.9.RELEASE.jar:5.1.9.RELEASE]
	at org.springframework.web.method.support.InvocableHandlerMethod.invokeForRequest(InvocableHandlerMethod.java:138) ~[spring-web-5.1.9.RELEASE.jar:5.1.9.RELEASE]
	at org.springframework.web.servlet.mvc.method.annotation.ServletInvocableHandlerMethod.invokeAndHandle(ServletInvocableHandlerMethod.java:104) ~[spring-webmvc-5.1.9.RELEASE.jar:5.1.9.RELEASE]
	at org.springframework.web.servlet.mvc.method.annotation.RequestMappingHandlerAdapter.invokeHandlerMethod(RequestMappingHandlerAdapter.java:892) ~[spring-webmvc-5.1.9.RELEASE.jar:5.1.9.RELEASE]
	at org.springframework.web.servlet.mvc.method.annotation.RequestMappingHandlerAdapter.handleInternal(RequestMappingHandlerAdapter.java:797) ~[spring-webmvc-5.1.9.RELEASE.jar:5.1.9.RELEASE]
	at org.springframework.web.servlet.mvc.method.AbstractHandlerMethodAdapter.handle(AbstractHandlerMethodAdapter.java:87) ~[spring-webmvc-5.1.9.RELEASE.jar:5.1.9.RELEASE]
	at org.springframework.web.servlet.DispatcherServlet.doDispatch(DispatcherServlet.java:1039) ~[spring-webmvc-5.1.9.RELEASE.jar:5.1.9.RELEASE]
	at org.springframework.web.servlet.DispatcherServlet.doService(DispatcherServlet.java:942) ~[spring-webmvc-5.1.9.RELEASE.jar:5.1.9.RELEASE]
	at org.springframework.web.servlet.FrameworkServlet.processRequest(FrameworkServlet.java:1005) ~[spring-webmvc-5.1.9.RELEASE.jar:5.1.9.RELEASE]
	at org.springframework.web.servlet.FrameworkServlet.doGet(FrameworkServlet.java:897) ~[spring-webmvc-5.1.9.RELEASE.jar:5.1.9.RELEASE]
	at javax.servlet.http.HttpServlet.service(HttpServlet.java:634) ~[tomcat-embed-core-9.0.22.jar:9.0.22]
	at org.springframework.web.servlet.FrameworkServlet.service(FrameworkServlet.java:882) ~[spring-webmvc-5.1.9.RELEASE.jar:5.1.9.RELEASE]
	at javax.servlet.http.HttpServlet.service(HttpServlet.java:741) ~[tomcat-embed-core-9.0.22.jar:9.0.22]
	at org.apache.catalina.core.ApplicationFilterChain.internalDoFilter(ApplicationFilterChain.java:231) ~[tomcat-embed-core-9.0.22.jar:9.0.22]
	at org.apache.catalina.core.ApplicationFilterChain.doFilter(ApplicationFilterChain.java:166) ~[tomcat-embed-core-9.0.22.jar:9.0.22]
	at org.apache.tomcat.websocket.server.WsFilter.doFilter(WsFilter.java:53) ~[tomcat-embed-websocket-9.0.22.jar:9.0.22]
	at org.apache.catalina.core.ApplicationFilterChain.internalDoFilter(ApplicationFilterChain.java:193) ~[tomcat-embed-core-9.0.22.jar:9.0.22]
	at org.apache.catalina.core.ApplicationFilterChain.doFilter(ApplicationFilterChain.java:166) ~[tomcat-embed-core-9.0.22.jar:9.0.22]
	at org.springframework.web.filter.RequestContextFilter.doFilterInternal(RequestContextFilter.java:99) ~[spring-web-5.1.9.RELEASE.jar:5.1.9.RELEASE]
	at org.springframework.web.filter.OncePerRequestFilter.doFilter(OncePerRequestFilter.java:118) ~[spring-web-5.1.9.RELEASE.jar:5.1.9.RELEASE]
	at org.apache.catalina.core.ApplicationFilterChain.internalDoFilter(ApplicationFilterChain.java:193) ~[tomcat-embed-core-9.0.22.jar:9.0.22]
	at org.apache.catalina.core.ApplicationFilterChain.doFilter(ApplicationFilterChain.java:166) ~[tomcat-embed-core-9.0.22.jar:9.0.22]
	at org.springframework.web.filter.FormContentFilter.doFilterInternal(FormContentFilter.java:92) ~[spring-web-5.1.9.RELEASE.jar:5.1.9.RELEASE]
	at org.springframework.web.filter.OncePerRequestFilter.doFilter(OncePerRequestFilter.java:118) ~[spring-web-5.1.9.RELEASE.jar:5.1.9.RELEASE]
	at org.apache.catalina.core.ApplicationFilterChain.internalDoFilter(ApplicationFilterChain.java:193) ~[tomcat-embed-core-9.0.22.jar:9.0.22]
	at org.apache.catalina.core.ApplicationFilterChain.doFilter(ApplicationFilterChain.java:166) ~[tomcat-embed-core-9.0.22.jar:9.0.22]
	at org.springframework.web.filter.HiddenHttpMethodFilter.doFilterInternal(HiddenHttpMethodFilter.java:93) ~[spring-web-5.1.9.RELEASE.jar:5.1.9.RELEASE]
	at org.springframework.web.filter.OncePerRequestFilter.doFilter(OncePerRequestFilter.java:118) ~[spring-web-5.1.9.RELEASE.jar:5.1.9.RELEASE]
	at org.apache.catalina.core.ApplicationFilterChain.internalDoFilter(ApplicationFilterChain.java:193) ~[tomcat-embed-core-9.0.22.jar:9.0.22]
	at org.apache.catalina.core.ApplicationFilterChain.doFilter(ApplicationFilterChain.java:166) ~[tomcat-embed-core-9.0.22.jar:9.0.22]
	at org.springframework.web.filter.CharacterEncodingFilter.doFilterInternal(CharacterEncodingFilter.java:200) ~[spring-web-5.1.9.RELEASE.jar:5.1.9.RELEASE]
	at org.springframework.web.filter.OncePerRequestFilter.doFilter(OncePerRequestFilter.java:118) ~[spring-web-5.1.9.RELEASE.jar:5.1.9.RELEASE]
	at org.apache.catalina.core.ApplicationFilterChain.internalDoFilter(ApplicationFilterChain.java:193) ~[tomcat-embed-core-9.0.22.jar:9.0.22]
	at org.apache.catalina.core.ApplicationFilterChain.doFilter(ApplicationFilterChain.java:166) ~[tomcat-embed-core-9.0.22.jar:9.0.22]
	at org.apache.catalina.core.StandardWrapperValve.invoke(StandardWrapperValve.java:202) ~[tomcat-embed-core-9.0.22.jar:9.0.22]
	at org.apache.catalina.core.StandardContextValve.invoke(StandardContextValve.java:96) [tomcat-embed-core-9.0.22.jar:9.0.22]
	at org.apache.catalina.authenticator.AuthenticatorBase.invoke(AuthenticatorBase.java:490) [tomcat-embed-core-9.0.22.jar:9.0.22]
	at org.apache.catalina.core.StandardHostValve.invoke(StandardHostValve.java:139) [tomcat-embed-core-9.0.22.jar:9.0.22]
	at org.apache.catalina.valves.ErrorReportValve.invoke(ErrorReportValve.java:92) [tomcat-embed-core-9.0.22.jar:9.0.22]
	at org.apache.catalina.core.StandardEngineValve.invoke(StandardEngineValve.java:74) [tomcat-embed-core-9.0.22.jar:9.0.22]
	at org.apache.catalina.connector.CoyoteAdapter.service(CoyoteAdapter.java:343) [tomcat-embed-core-9.0.22.jar:9.0.22]
	at org.apache.coyote.http11.Http11Processor.service(Http11Processor.java:408) [tomcat-embed-core-9.0.22.jar:9.0.22]
	at org.apache.coyote.AbstractProcessorLight.process(AbstractProcessorLight.java:66) [tomcat-embed-core-9.0.22.jar:9.0.22]
	at org.apache.coyote.AbstractProtocol$ConnectionHandler.process(AbstractProtocol.java:853) [tomcat-embed-core-9.0.22.jar:9.0.22]
	at org.apache.tomcat.util.net.NioEndpoint$SocketProcessor.doRun(NioEndpoint.java:1587) [tomcat-embed-core-9.0.22.jar:9.0.22]
	at org.apache.tomcat.util.net.SocketProcessorBase.run(SocketProcessorBase.java:49) [tomcat-embed-core-9.0.22.jar:9.0.22]
	at java.util.concurrent.ThreadPoolExecutor.runWorker(ThreadPoolExecutor.java:1142) [na:1.8.0_131]
	at java.util.concurrent.ThreadPoolExecutor$Worker.run(ThreadPoolExecutor.java:617) [na:1.8.0_131]
	at org.apache.tomcat.util.threads.TaskThread$WrappingRunnable.run(TaskThread.java:61) [tomcat-embed-core-9.0.22.jar:9.0.22]
	at java.lang.Thread.run(Thread.java:748) [na:1.8.0_131]

2019-08-09 12:37:14.342  INFO 6856 --- [Thread-7] o.s.s.concurrent.ThreadPoolTaskExecutor  : Shutting down ExecutorService 'applicationTaskExecutor'
2019-08-09 12:37:14.543  INFO 6856 --- [restartedMain] com.example.devops.DevopsApplication     : Starting DevopsApplication on DIN13002277 with PID 6856 (C:\Users\trainee\Documents\workspace-spring-tool4\devops\target\classes started by trainee in C:\Users\trainee\Documents\workspace-spring-tool4\devops)
2019-08-09 12:37:14.544  INFO 6856 --- [restartedMain] com.example.devops.DevopsApplication     : The following profiles are active: dev
2019-08-09 12:37:14.801  INFO 6856 --- [restartedMain] o.s.b.w.embedded.tomcat.TomcatWebServer  : Tomcat initialized with port(s): 8081 (http)
2019-08-09 12:37:14.802  INFO 6856 --- [restartedMain] o.apache.catalina.core.StandardService   : Starting service [Tomcat]
2019-08-09 12:37:14.802  INFO 6856 --- [restartedMain] org.apache.catalina.core.StandardEngine  : Starting Servlet engine: [Apache Tomcat/9.0.22]
2019-08-09 12:37:14.833  INFO 6856 --- [restartedMain] o.a.c.c.C.[Tomcat].[localhost].[/]       : Initializing Spring embedded WebApplicationContext
2019-08-09 12:37:14.833  INFO 6856 --- [restartedMain] o.s.web.context.ContextLoader            : Root WebApplicationContext: initialization completed in 286 ms
2019-08-09 12:37:14.877  INFO 6856 --- [restartedMain] o.s.s.concurrent.ThreadPoolTaskExecutor  : Initializing ExecutorService 'applicationTaskExecutor'
2019-08-09 12:37:14.913  INFO 6856 --- [restartedMain] o.s.b.d.a.OptionalLiveReloadServer       : LiveReload server is running on port 35729
2019-08-09 12:37:14.934  INFO 6856 --- [restartedMain] o.s.b.w.embedded.tomcat.TomcatWebServer  : Tomcat started on port(s): 8081 (http) with context path ''
2019-08-09 12:37:14.935  INFO 6856 --- [restartedMain] com.example.devops.DevopsApplication     : Started DevopsApplication in 0.425 seconds (JVM running for 95.699)
2019-08-09 12:37:14.940  INFO 6856 --- [restartedMain] .ConditionEvaluationDeltaLoggingListener : Condition evaluation unchanged
2019-08-09 12:37:27.510  INFO 6856 --- [http-nio-8081-exec-3] o.a.c.c.C.[Tomcat].[localhost].[/]       : Initializing Spring DispatcherServlet 'dispatcherServlet'
2019-08-09 12:37:27.511  INFO 6856 --- [http-nio-8081-exec-3] o.s.web.servlet.DispatcherServlet        : Initializing Servlet 'dispatcherServlet'
2019-08-09 12:37:27.518  INFO 6856 --- [http-nio-8081-exec-3] o.s.web.servlet.DispatcherServlet        : Completed initialization in 7 ms
2019-08-09 12:37:27.618 ERROR 6856 --- [http-nio-8081-exec-3] o.a.c.c.C.[.[.[/].[dispatcherServlet]    : Servlet.service() for servlet [dispatcherServlet] in context with path [] threw exception [Request processing failed; nested exception is java.lang.ClassCastException: java.lang.Long cannot be cast to java.lang.String] with root cause

java.lang.ClassCastException: java.lang.Long cannot be cast to java.lang.String
	at com.example.devops.dao.ReportDaoImpl.getBugs(ReportDaoImpl.java:40) ~[classes/:na]
	at com.example.devops.service.ReportServiceImpl.getReport(ReportServiceImpl.java:23) ~[classes/:na]
	at com.example.devops.controller.ReportController.removeStudent(ReportController.java:20) ~[classes/:na]
	at sun.reflect.NativeMethodAccessorImpl.invoke0(Native Method) ~[na:1.8.0_131]
	at sun.reflect.NativeMethodAccessorImpl.invoke(NativeMethodAccessorImpl.java:62) ~[na:1.8.0_131]
	at sun.reflect.DelegatingMethodAccessorImpl.invoke(DelegatingMethodAccessorImpl.java:43) ~[na:1.8.0_131]
	at java.lang.reflect.Method.invoke(Method.java:498) ~[na:1.8.0_131]
	at org.springframework.web.method.support.InvocableHandlerMethod.doInvoke(InvocableHandlerMethod.java:190) ~[spring-web-5.1.9.RELEASE.jar:5.1.9.RELEASE]
	at org.springframework.web.method.support.InvocableHandlerMethod.invokeForRequest(InvocableHandlerMethod.java:138) ~[spring-web-5.1.9.RELEASE.jar:5.1.9.RELEASE]
	at org.springframework.web.servlet.mvc.method.annotation.ServletInvocableHandlerMethod.invokeAndHandle(ServletInvocableHandlerMethod.java:104) ~[spring-webmvc-5.1.9.RELEASE.jar:5.1.9.RELEASE]
	at org.springframework.web.servlet.mvc.method.annotation.RequestMappingHandlerAdapter.invokeHandlerMethod(RequestMappingHandlerAdapter.java:892) ~[spring-webmvc-5.1.9.RELEASE.jar:5.1.9.RELEASE]
	at org.springframework.web.servlet.mvc.method.annotation.RequestMappingHandlerAdapter.handleInternal(RequestMappingHandlerAdapter.java:797) ~[spring-webmvc-5.1.9.RELEASE.jar:5.1.9.RELEASE]
	at org.springframework.web.servlet.mvc.method.AbstractHandlerMethodAdapter.handle(AbstractHandlerMethodAdapter.java:87) ~[spring-webmvc-5.1.9.RELEASE.jar:5.1.9.RELEASE]
	at org.springframework.web.servlet.DispatcherServlet.doDispatch(DispatcherServlet.java:1039) ~[spring-webmvc-5.1.9.RELEASE.jar:5.1.9.RELEASE]
	at org.springframework.web.servlet.DispatcherServlet.doService(DispatcherServlet.java:942) ~[spring-webmvc-5.1.9.RELEASE.jar:5.1.9.RELEASE]
	at org.springframework.web.servlet.FrameworkServlet.processRequest(FrameworkServlet.java:1005) ~[spring-webmvc-5.1.9.RELEASE.jar:5.1.9.RELEASE]
	at org.springframework.web.servlet.FrameworkServlet.doGet(FrameworkServlet.java:897) ~[spring-webmvc-5.1.9.RELEASE.jar:5.1.9.RELEASE]
	at javax.servlet.http.HttpServlet.service(HttpServlet.java:634) ~[tomcat-embed-core-9.0.22.jar:9.0.22]
	at org.springframework.web.servlet.FrameworkServlet.service(FrameworkServlet.java:882) ~[spring-webmvc-5.1.9.RELEASE.jar:5.1.9.RELEASE]
	at javax.servlet.http.HttpServlet.service(HttpServlet.java:741) ~[tomcat-embed-core-9.0.22.jar:9.0.22]
	at org.apache.catalina.core.ApplicationFilterChain.internalDoFilter(ApplicationFilterChain.java:231) ~[tomcat-embed-core-9.0.22.jar:9.0.22]
	at org.apache.catalina.core.ApplicationFilterChain.doFilter(ApplicationFilterChain.java:166) ~[tomcat-embed-core-9.0.22.jar:9.0.22]
	at org.apache.tomcat.websocket.server.WsFilter.doFilter(WsFilter.java:53) ~[tomcat-embed-websocket-9.0.22.jar:9.0.22]
	at org.apache.catalina.core.ApplicationFilterChain.internalDoFilter(ApplicationFilterChain.java:193) ~[tomcat-embed-core-9.0.22.jar:9.0.22]
	at org.apache.catalina.core.ApplicationFilterChain.doFilter(ApplicationFilterChain.java:166) ~[tomcat-embed-core-9.0.22.jar:9.0.22]
	at org.springframework.web.filter.RequestContextFilter.doFilterInternal(RequestContextFilter.java:99) ~[spring-web-5.1.9.RELEASE.jar:5.1.9.RELEASE]
	at org.springframework.web.filter.OncePerRequestFilter.doFilter(OncePerRequestFilter.java:118) ~[spring-web-5.1.9.RELEASE.jar:5.1.9.RELEASE]
	at org.apache.catalina.core.ApplicationFilterChain.internalDoFilter(ApplicationFilterChain.java:193) ~[tomcat-embed-core-9.0.22.jar:9.0.22]
	at org.apache.catalina.core.ApplicationFilterChain.doFilter(ApplicationFilterChain.java:166) ~[tomcat-embed-core-9.0.22.jar:9.0.22]
	at org.springframework.web.filter.FormContentFilter.doFilterInternal(FormContentFilter.java:92) ~[spring-web-5.1.9.RELEASE.jar:5.1.9.RELEASE]
	at org.springframework.web.filter.OncePerRequestFilter.doFilter(OncePerRequestFilter.java:118) ~[spring-web-5.1.9.RELEASE.jar:5.1.9.RELEASE]
	at org.apache.catalina.core.ApplicationFilterChain.internalDoFilter(ApplicationFilterChain.java:193) ~[tomcat-embed-core-9.0.22.jar:9.0.22]
	at org.apache.catalina.core.ApplicationFilterChain.doFilter(ApplicationFilterChain.java:166) ~[tomcat-embed-core-9.0.22.jar:9.0.22]
	at org.springframework.web.filter.HiddenHttpMethodFilter.doFilterInternal(HiddenHttpMethodFilter.java:93) ~[spring-web-5.1.9.RELEASE.jar:5.1.9.RELEASE]
	at org.springframework.web.filter.OncePerRequestFilter.doFilter(OncePerRequestFilter.java:118) ~[spring-web-5.1.9.RELEASE.jar:5.1.9.RELEASE]
	at org.apache.catalina.core.ApplicationFilterChain.internalDoFilter(ApplicationFilterChain.java:193) ~[tomcat-embed-core-9.0.22.jar:9.0.22]
	at org.apache.catalina.core.ApplicationFilterChain.doFilter(ApplicationFilterChain.java:166) ~[tomcat-embed-core-9.0.22.jar:9.0.22]
	at org.springframework.web.filter.CharacterEncodingFilter.doFilterInternal(CharacterEncodingFilter.java:200) ~[spring-web-5.1.9.RELEASE.jar:5.1.9.RELEASE]
	at org.springframework.web.filter.OncePerRequestFilter.doFilter(OncePerRequestFilter.java:118) ~[spring-web-5.1.9.RELEASE.jar:5.1.9.RELEASE]
	at org.apache.catalina.core.ApplicationFilterChain.internalDoFilter(ApplicationFilterChain.java:193) ~[tomcat-embed-core-9.0.22.jar:9.0.22]
	at org.apache.catalina.core.ApplicationFilterChain.doFilter(ApplicationFilterChain.java:166) ~[tomcat-embed-core-9.0.22.jar:9.0.22]
	at org.apache.catalina.core.StandardWrapperValve.invoke(StandardWrapperValve.java:202) ~[tomcat-embed-core-9.0.22.jar:9.0.22]
	at org.apache.catalina.core.StandardContextValve.invoke(StandardContextValve.java:96) [tomcat-embed-core-9.0.22.jar:9.0.22]
	at org.apache.catalina.authenticator.AuthenticatorBase.invoke(AuthenticatorBase.java:490) [tomcat-embed-core-9.0.22.jar:9.0.22]
	at org.apache.catalina.core.StandardHostValve.invoke(StandardHostValve.java:139) [tomcat-embed-core-9.0.22.jar:9.0.22]
	at org.apache.catalina.valves.ErrorReportValve.invoke(ErrorReportValve.java:92) [tomcat-embed-core-9.0.22.jar:9.0.22]
	at org.apache.catalina.core.StandardEngineValve.invoke(StandardEngineValve.java:74) [tomcat-embed-core-9.0.22.jar:9.0.22]
	at org.apache.catalina.connector.CoyoteAdapter.service(CoyoteAdapter.java:343) [tomcat-embed-core-9.0.22.jar:9.0.22]
	at org.apache.coyote.http11.Http11Processor.service(Http11Processor.java:408) [tomcat-embed-core-9.0.22.jar:9.0.22]
	at org.apache.coyote.AbstractProcessorLight.process(AbstractProcessorLight.java:66) [tomcat-embed-core-9.0.22.jar:9.0.22]
	at org.apache.coyote.AbstractProtocol$ConnectionHandler.process(AbstractProtocol.java:853) [tomcat-embed-core-9.0.22.jar:9.0.22]
	at org.apache.tomcat.util.net.NioEndpoint$SocketProcessor.doRun(NioEndpoint.java:1587) [tomcat-embed-core-9.0.22.jar:9.0.22]
	at org.apache.tomcat.util.net.SocketProcessorBase.run(SocketProcessorBase.java:49) [tomcat-embed-core-9.0.22.jar:9.0.22]
	at java.util.concurrent.ThreadPoolExecutor.runWorker(ThreadPoolExecutor.java:1142) [na:1.8.0_131]
	at java.util.concurrent.ThreadPoolExecutor$Worker.run(ThreadPoolExecutor.java:617) [na:1.8.0_131]
	at org.apache.tomcat.util.threads.TaskThread$WrappingRunnable.run(TaskThread.java:61) [tomcat-embed-core-9.0.22.jar:9.0.22]
	at java.lang.Thread.run(Thread.java:748) [na:1.8.0_131]

2019-08-09 12:38:00.017  INFO 6856 --- [Thread-16] o.s.s.concurrent.ThreadPoolTaskExecutor  : Shutting down ExecutorService 'applicationTaskExecutor'
2019-08-09 12:38:00.257  INFO 6856 --- [restartedMain] com.example.devops.DevopsApplication     : Starting DevopsApplication on DIN13002277 with PID 6856 (C:\Users\trainee\Documents\workspace-spring-tool4\devops\target\classes started by trainee in C:\Users\trainee\Documents\workspace-spring-tool4\devops)
2019-08-09 12:38:00.257  INFO 6856 --- [restartedMain] com.example.devops.DevopsApplication     : The following profiles are active: dev
2019-08-09 12:38:00.495  INFO 6856 --- [restartedMain] o.s.b.w.embedded.tomcat.TomcatWebServer  : Tomcat initialized with port(s): 8081 (http)
2019-08-09 12:38:00.496  INFO 6856 --- [restartedMain] o.apache.catalina.core.StandardService   : Starting service [Tomcat]
2019-08-09 12:38:00.497  INFO 6856 --- [restartedMain] org.apache.catalina.core.StandardEngine  : Starting Servlet engine: [Apache Tomcat/9.0.22]
2019-08-09 12:38:00.516  INFO 6856 --- [restartedMain] o.a.c.c.C.[Tomcat].[localhost].[/]       : Initializing Spring embedded WebApplicationContext
2019-08-09 12:38:00.516  INFO 6856 --- [restartedMain] o.s.web.context.ContextLoader            : Root WebApplicationContext: initialization completed in 257 ms
2019-08-09 12:38:00.565  INFO 6856 --- [restartedMain] o.s.s.concurrent.ThreadPoolTaskExecutor  : Initializing ExecutorService 'applicationTaskExecutor'
2019-08-09 12:38:00.603  INFO 6856 --- [restartedMain] o.s.b.d.a.OptionalLiveReloadServer       : LiveReload server is running on port 35729
2019-08-09 12:38:00.623  INFO 6856 --- [restartedMain] o.s.b.w.embedded.tomcat.TomcatWebServer  : Tomcat started on port(s): 8081 (http) with context path ''
2019-08-09 12:38:00.624  INFO 6856 --- [restartedMain] com.example.devops.DevopsApplication     : Started DevopsApplication in 0.409 seconds (JVM running for 141.384)
2019-08-09 12:38:00.626  INFO 6856 --- [restartedMain] .ConditionEvaluationDeltaLoggingListener : Condition evaluation unchanged
2019-08-09 12:38:09.648  INFO 6856 --- [http-nio-8081-exec-3] o.a.c.c.C.[Tomcat].[localhost].[/]       : Initializing Spring DispatcherServlet 'dispatcherServlet'
2019-08-09 12:38:09.649  INFO 6856 --- [http-nio-8081-exec-3] o.s.web.servlet.DispatcherServlet        : Initializing Servlet 'dispatcherServlet'
2019-08-09 12:38:09.651  INFO 6856 --- [http-nio-8081-exec-3] o.s.web.servlet.DispatcherServlet        : Completed initialization in 2 ms
2019-08-09 12:42:25.033  INFO 6856 --- [Thread-24] o.s.s.concurrent.ThreadPoolTaskExecutor  : Shutting down ExecutorService 'applicationTaskExecutor'
2019-08-09 12:42:25.250  INFO 6856 --- [restartedMain] com.example.devops.DevopsApplication     : Starting DevopsApplication on DIN13002277 with PID 6856 (C:\Users\trainee\Documents\workspace-spring-tool4\devops\target\classes started by trainee in C:\Users\trainee\Documents\workspace-spring-tool4\devops)
2019-08-09 12:42:25.250  INFO 6856 --- [restartedMain] com.example.devops.DevopsApplication     : The following profiles are active: dev
2019-08-09 12:42:25.470  INFO 6856 --- [restartedMain] o.s.b.w.embedded.tomcat.TomcatWebServer  : Tomcat initialized with port(s): 8081 (http)
2019-08-09 12:42:25.471  INFO 6856 --- [restartedMain] o.apache.catalina.core.StandardService   : Starting service [Tomcat]
2019-08-09 12:42:25.471  INFO 6856 --- [restartedMain] org.apache.catalina.core.StandardEngine  : Starting Servlet engine: [Apache Tomcat/9.0.22]
2019-08-09 12:42:25.491  INFO 6856 --- [restartedMain] o.a.c.c.C.[Tomcat].[localhost].[/]       : Initializing Spring embedded WebApplicationContext
2019-08-09 12:42:25.491  INFO 6856 --- [restartedMain] o.s.web.context.ContextLoader            : Root WebApplicationContext: initialization completed in 239 ms
2019-08-09 12:42:25.531  INFO 6856 --- [restartedMain] o.s.s.concurrent.ThreadPoolTaskExecutor  : Initializing ExecutorService 'applicationTaskExecutor'
2019-08-09 12:42:25.561  INFO 6856 --- [restartedMain] o.s.b.d.a.OptionalLiveReloadServer       : LiveReload server is running on port 35729
2019-08-09 12:42:25.573  INFO 6856 --- [restartedMain] o.s.b.w.embedded.tomcat.TomcatWebServer  : Tomcat started on port(s): 8081 (http) with context path ''
2019-08-09 12:42:25.576  INFO 6856 --- [restartedMain] com.example.devops.DevopsApplication     : Started DevopsApplication in 0.353 seconds (JVM running for 406.317)
2019-08-09 12:42:25.578  INFO 6856 --- [restartedMain] .ConditionEvaluationDeltaLoggingListener : Condition evaluation unchanged
2019-08-09 12:42:28.106  INFO 6856 --- [http-nio-8081-exec-2] o.a.c.c.C.[Tomcat].[localhost].[/]       : Initializing Spring DispatcherServlet 'dispatcherServlet'
2019-08-09 12:42:28.107  INFO 6856 --- [http-nio-8081-exec-2] o.s.web.servlet.DispatcherServlet        : Initializing Servlet 'dispatcherServlet'
2019-08-09 12:42:28.114  INFO 6856 --- [http-nio-8081-exec-2] o.s.web.servlet.DispatcherServlet        : Completed initialization in 6 ms
2019-08-09 12:42:28.285 ERROR 6856 --- [http-nio-8081-exec-2] o.a.c.c.C.[.[.[/].[dispatcherServlet]    : Servlet.service() for servlet [dispatcherServlet] in context with path [] threw exception [Request processing failed; nested exception is java.lang.ClassCastException: java.lang.Long cannot be cast to java.lang.Integer] with root cause

java.lang.ClassCastException: java.lang.Long cannot be cast to java.lang.Integer
	at com.example.devops.dao.ReportDaoImpl.getBugs(ReportDaoImpl.java:40) ~[classes/:na]
	at com.example.devops.service.ReportServiceImpl.getReport(ReportServiceImpl.java:23) ~[classes/:na]
	at com.example.devops.controller.ReportController.removeStudent(ReportController.java:20) ~[classes/:na]
	at sun.reflect.NativeMethodAccessorImpl.invoke0(Native Method) ~[na:1.8.0_131]
	at sun.reflect.NativeMethodAccessorImpl.invoke(NativeMethodAccessorImpl.java:62) ~[na:1.8.0_131]
	at sun.reflect.DelegatingMethodAccessorImpl.invoke(DelegatingMethodAccessorImpl.java:43) ~[na:1.8.0_131]
	at java.lang.reflect.Method.invoke(Method.java:498) ~[na:1.8.0_131]
	at org.springframework.web.method.support.InvocableHandlerMethod.doInvoke(InvocableHandlerMethod.java:190) ~[spring-web-5.1.9.RELEASE.jar:5.1.9.RELEASE]
	at org.springframework.web.method.support.InvocableHandlerMethod.invokeForRequest(InvocableHandlerMethod.java:138) ~[spring-web-5.1.9.RELEASE.jar:5.1.9.RELEASE]
	at org.springframework.web.servlet.mvc.method.annotation.ServletInvocableHandlerMethod.invokeAndHandle(ServletInvocableHandlerMethod.java:104) ~[spring-webmvc-5.1.9.RELEASE.jar:5.1.9.RELEASE]
	at org.springframework.web.servlet.mvc.method.annotation.RequestMappingHandlerAdapter.invokeHandlerMethod(RequestMappingHandlerAdapter.java:892) ~[spring-webmvc-5.1.9.RELEASE.jar:5.1.9.RELEASE]
	at org.springframework.web.servlet.mvc.method.annotation.RequestMappingHandlerAdapter.handleInternal(RequestMappingHandlerAdapter.java:797) ~[spring-webmvc-5.1.9.RELEASE.jar:5.1.9.RELEASE]
	at org.springframework.web.servlet.mvc.method.AbstractHandlerMethodAdapter.handle(AbstractHandlerMethodAdapter.java:87) ~[spring-webmvc-5.1.9.RELEASE.jar:5.1.9.RELEASE]
	at org.springframework.web.servlet.DispatcherServlet.doDispatch(DispatcherServlet.java:1039) ~[spring-webmvc-5.1.9.RELEASE.jar:5.1.9.RELEASE]
	at org.springframework.web.servlet.DispatcherServlet.doService(DispatcherServlet.java:942) ~[spring-webmvc-5.1.9.RELEASE.jar:5.1.9.RELEASE]
	at org.springframework.web.servlet.FrameworkServlet.processRequest(FrameworkServlet.java:1005) ~[spring-webmvc-5.1.9.RELEASE.jar:5.1.9.RELEASE]
	at org.springframework.web.servlet.FrameworkServlet.doGet(FrameworkServlet.java:897) ~[spring-webmvc-5.1.9.RELEASE.jar:5.1.9.RELEASE]
	at javax.servlet.http.HttpServlet.service(HttpServlet.java:634) ~[tomcat-embed-core-9.0.22.jar:9.0.22]
	at org.springframework.web.servlet.FrameworkServlet.service(FrameworkServlet.java:882) ~[spring-webmvc-5.1.9.RELEASE.jar:5.1.9.RELEASE]
	at javax.servlet.http.HttpServlet.service(HttpServlet.java:741) ~[tomcat-embed-core-9.0.22.jar:9.0.22]
	at org.apache.catalina.core.ApplicationFilterChain.internalDoFilter(ApplicationFilterChain.java:231) ~[tomcat-embed-core-9.0.22.jar:9.0.22]
	at org.apache.catalina.core.ApplicationFilterChain.doFilter(ApplicationFilterChain.java:166) ~[tomcat-embed-core-9.0.22.jar:9.0.22]
	at org.apache.tomcat.websocket.server.WsFilter.doFilter(WsFilter.java:53) ~[tomcat-embed-websocket-9.0.22.jar:9.0.22]
	at org.apache.catalina.core.ApplicationFilterChain.internalDoFilter(ApplicationFilterChain.java:193) ~[tomcat-embed-core-9.0.22.jar:9.0.22]
	at org.apache.catalina.core.ApplicationFilterChain.doFilter(ApplicationFilterChain.java:166) ~[tomcat-embed-core-9.0.22.jar:9.0.22]
	at org.springframework.web.filter.RequestContextFilter.doFilterInternal(RequestContextFilter.java:99) ~[spring-web-5.1.9.RELEASE.jar:5.1.9.RELEASE]
	at org.springframework.web.filter.OncePerRequestFilter.doFilter(OncePerRequestFilter.java:118) ~[spring-web-5.1.9.RELEASE.jar:5.1.9.RELEASE]
	at org.apache.catalina.core.ApplicationFilterChain.internalDoFilter(ApplicationFilterChain.java:193) ~[tomcat-embed-core-9.0.22.jar:9.0.22]
	at org.apache.catalina.core.ApplicationFilterChain.doFilter(ApplicationFilterChain.java:166) ~[tomcat-embed-core-9.0.22.jar:9.0.22]
	at org.springframework.web.filter.FormContentFilter.doFilterInternal(FormContentFilter.java:92) ~[spring-web-5.1.9.RELEASE.jar:5.1.9.RELEASE]
	at org.springframework.web.filter.OncePerRequestFilter.doFilter(OncePerRequestFilter.java:118) ~[spring-web-5.1.9.RELEASE.jar:5.1.9.RELEASE]
	at org.apache.catalina.core.ApplicationFilterChain.internalDoFilter(ApplicationFilterChain.java:193) ~[tomcat-embed-core-9.0.22.jar:9.0.22]
	at org.apache.catalina.core.ApplicationFilterChain.doFilter(ApplicationFilterChain.java:166) ~[tomcat-embed-core-9.0.22.jar:9.0.22]
	at org.springframework.web.filter.HiddenHttpMethodFilter.doFilterInternal(HiddenHttpMethodFilter.java:93) ~[spring-web-5.1.9.RELEASE.jar:5.1.9.RELEASE]
	at org.springframework.web.filter.OncePerRequestFilter.doFilter(OncePerRequestFilter.java:118) ~[spring-web-5.1.9.RELEASE.jar:5.1.9.RELEASE]
	at org.apache.catalina.core.ApplicationFilterChain.internalDoFilter(ApplicationFilterChain.java:193) ~[tomcat-embed-core-9.0.22.jar:9.0.22]
	at org.apache.catalina.core.ApplicationFilterChain.doFilter(ApplicationFilterChain.java:166) ~[tomcat-embed-core-9.0.22.jar:9.0.22]
	at org.springframework.web.filter.CharacterEncodingFilter.doFilterInternal(CharacterEncodingFilter.java:200) ~[spring-web-5.1.9.RELEASE.jar:5.1.9.RELEASE]
	at org.springframework.web.filter.OncePerRequestFilter.doFilter(OncePerRequestFilter.java:118) ~[spring-web-5.1.9.RELEASE.jar:5.1.9.RELEASE]
	at org.apache.catalina.core.ApplicationFilterChain.internalDoFilter(ApplicationFilterChain.java:193) ~[tomcat-embed-core-9.0.22.jar:9.0.22]
	at org.apache.catalina.core.ApplicationFilterChain.doFilter(ApplicationFilterChain.java:166) ~[tomcat-embed-core-9.0.22.jar:9.0.22]
	at org.apache.catalina.core.StandardWrapperValve.invoke(StandardWrapperValve.java:202) ~[tomcat-embed-core-9.0.22.jar:9.0.22]
	at org.apache.catalina.core.StandardContextValve.invoke(StandardContextValve.java:96) [tomcat-embed-core-9.0.22.jar:9.0.22]
	at org.apache.catalina.authenticator.AuthenticatorBase.invoke(AuthenticatorBase.java:490) [tomcat-embed-core-9.0.22.jar:9.0.22]
	at org.apache.catalina.core.StandardHostValve.invoke(StandardHostValve.java:139) [tomcat-embed-core-9.0.22.jar:9.0.22]
	at org.apache.catalina.valves.ErrorReportValve.invoke(ErrorReportValve.java:92) [tomcat-embed-core-9.0.22.jar:9.0.22]
	at org.apache.catalina.core.StandardEngineValve.invoke(StandardEngineValve.java:74) [tomcat-embed-core-9.0.22.jar:9.0.22]
	at org.apache.catalina.connector.CoyoteAdapter.service(CoyoteAdapter.java:343) [tomcat-embed-core-9.0.22.jar:9.0.22]
	at org.apache.coyote.http11.Http11Processor.service(Http11Processor.java:408) [tomcat-embed-core-9.0.22.jar:9.0.22]
	at org.apache.coyote.AbstractProcessorLight.process(AbstractProcessorLight.java:66) [tomcat-embed-core-9.0.22.jar:9.0.22]
	at org.apache.coyote.AbstractProtocol$ConnectionHandler.process(AbstractProtocol.java:853) [tomcat-embed-core-9.0.22.jar:9.0.22]
	at org.apache.tomcat.util.net.NioEndpoint$SocketProcessor.doRun(NioEndpoint.java:1587) [tomcat-embed-core-9.0.22.jar:9.0.22]
	at org.apache.tomcat.util.net.SocketProcessorBase.run(SocketProcessorBase.java:49) [tomcat-embed-core-9.0.22.jar:9.0.22]
	at java.util.concurrent.ThreadPoolExecutor.runWorker(ThreadPoolExecutor.java:1142) [na:1.8.0_131]
	at java.util.concurrent.ThreadPoolExecutor$Worker.run(ThreadPoolExecutor.java:617) [na:1.8.0_131]
	at org.apache.tomcat.util.threads.TaskThread$WrappingRunnable.run(TaskThread.java:61) [tomcat-embed-core-9.0.22.jar:9.0.22]
	at java.lang.Thread.run(Thread.java:748) [na:1.8.0_131]

2019-08-09 12:43:05.775  INFO 6856 --- [Thread-32] o.s.s.concurrent.ThreadPoolTaskExecutor  : Shutting down ExecutorService 'applicationTaskExecutor'
2019-08-09 12:43:05.994  INFO 6856 --- [restartedMain] com.example.devops.DevopsApplication     : Starting DevopsApplication on DIN13002277 with PID 6856 (C:\Users\trainee\Documents\workspace-spring-tool4\devops\target\classes started by trainee in C:\Users\trainee\Documents\workspace-spring-tool4\devops)
2019-08-09 12:43:05.995  INFO 6856 --- [restartedMain] com.example.devops.DevopsApplication     : The following profiles are active: dev
2019-08-09 12:43:06.187  INFO 6856 --- [restartedMain] o.s.b.w.embedded.tomcat.TomcatWebServer  : Tomcat initialized with port(s): 8081 (http)
2019-08-09 12:43:06.188  INFO 6856 --- [restartedMain] o.apache.catalina.core.StandardService   : Starting service [Tomcat]
2019-08-09 12:43:06.189  INFO 6856 --- [restartedMain] org.apache.catalina.core.StandardEngine  : Starting Servlet engine: [Apache Tomcat/9.0.22]
2019-08-09 12:43:06.211  INFO 6856 --- [restartedMain] o.a.c.c.C.[Tomcat].[localhost].[/]       : Initializing Spring embedded WebApplicationContext
2019-08-09 12:43:06.211  INFO 6856 --- [restartedMain] o.s.web.context.ContextLoader            : Root WebApplicationContext: initialization completed in 215 ms
2019-08-09 12:43:06.251  INFO 6856 --- [restartedMain] o.s.s.concurrent.ThreadPoolTaskExecutor  : Initializing ExecutorService 'applicationTaskExecutor'
2019-08-09 12:43:06.277  INFO 6856 --- [restartedMain] o.s.b.d.a.OptionalLiveReloadServer       : LiveReload server is running on port 35729
2019-08-09 12:43:06.290  INFO 6856 --- [restartedMain] o.s.b.w.embedded.tomcat.TomcatWebServer  : Tomcat started on port(s): 8081 (http) with context path ''
2019-08-09 12:43:06.291  INFO 6856 --- [restartedMain] com.example.devops.DevopsApplication     : Started DevopsApplication in 0.317 seconds (JVM running for 447.03)
2019-08-09 12:43:06.292  INFO 6856 --- [restartedMain] .ConditionEvaluationDeltaLoggingListener : Condition evaluation unchanged
2019-08-09 12:43:08.763  INFO 6856 --- [http-nio-8081-exec-3] o.a.c.c.C.[Tomcat].[localhost].[/]       : Initializing Spring DispatcherServlet 'dispatcherServlet'
2019-08-09 12:43:08.764  INFO 6856 --- [http-nio-8081-exec-3] o.s.web.servlet.DispatcherServlet        : Initializing Servlet 'dispatcherServlet'
2019-08-09 12:43:08.768  INFO 6856 --- [http-nio-8081-exec-3] o.s.web.servlet.DispatcherServlet        : Completed initialization in 4 ms
2019-08-09 12:43:37.207  INFO 6856 --- [Thread-40] o.s.s.concurrent.ThreadPoolTaskExecutor  : Shutting down ExecutorService 'applicationTaskExecutor'
2019-08-09 12:43:37.352  INFO 6856 --- [restartedMain] com.example.devops.DevopsApplication     : Starting DevopsApplication on DIN13002277 with PID 6856 (C:\Users\trainee\Documents\workspace-spring-tool4\devops\target\classes started by trainee in C:\Users\trainee\Documents\workspace-spring-tool4\devops)
2019-08-09 12:43:37.352  INFO 6856 --- [restartedMain] com.example.devops.DevopsApplication     : The following profiles are active: dev
2019-08-09 12:43:37.564  INFO 6856 --- [restartedMain] o.s.b.w.embedded.tomcat.TomcatWebServer  : Tomcat initialized with port(s): 8081 (http)
2019-08-09 12:43:37.565  INFO 6856 --- [restartedMain] o.apache.catalina.core.StandardService   : Starting service [Tomcat]
2019-08-09 12:43:37.566  INFO 6856 --- [restartedMain] org.apache.catalina.core.StandardEngine  : Starting Servlet engine: [Apache Tomcat/9.0.22]
2019-08-09 12:43:37.586  INFO 6856 --- [restartedMain] o.a.c.c.C.[Tomcat].[localhost].[/]       : Initializing Spring embedded WebApplicationContext
2019-08-09 12:43:37.586  INFO 6856 --- [restartedMain] o.s.web.context.ContextLoader            : Root WebApplicationContext: initialization completed in 232 ms
2019-08-09 12:43:37.632  INFO 6856 --- [restartedMain] o.s.s.concurrent.ThreadPoolTaskExecutor  : Initializing ExecutorService 'applicationTaskExecutor'
2019-08-09 12:43:37.665  INFO 6856 --- [restartedMain] o.s.b.d.a.OptionalLiveReloadServer       : LiveReload server is running on port 35729
2019-08-09 12:43:37.678  INFO 6856 --- [restartedMain] o.s.b.w.embedded.tomcat.TomcatWebServer  : Tomcat started on port(s): 8081 (http) with context path ''
2019-08-09 12:43:37.679  INFO 6856 --- [restartedMain] com.example.devops.DevopsApplication     : Started DevopsApplication in 0.352 seconds (JVM running for 478.416)
2019-08-09 12:43:37.682  INFO 6856 --- [restartedMain] .ConditionEvaluationDeltaLoggingListener : Condition evaluation unchanged
2019-08-09 12:43:44.185  INFO 6856 --- [Thread-48] o.s.s.concurrent.ThreadPoolTaskExecutor  : Shutting down ExecutorService 'applicationTaskExecutor'
2019-08-09 12:43:44.390  INFO 6856 --- [restartedMain] com.example.devops.DevopsApplication     : Starting DevopsApplication on DIN13002277 with PID 6856 (C:\Users\trainee\Documents\workspace-spring-tool4\devops\target\classes started by trainee in C:\Users\trainee\Documents\workspace-spring-tool4\devops)
2019-08-09 12:43:44.391  INFO 6856 --- [restartedMain] com.example.devops.DevopsApplication     : The following profiles are active: dev
2019-08-09 12:43:44.729  INFO 6856 --- [restartedMain] o.s.b.w.embedded.tomcat.TomcatWebServer  : Tomcat initialized with port(s): 8081 (http)
2019-08-09 12:43:44.730  INFO 6856 --- [restartedMain] o.apache.catalina.core.StandardService   : Starting service [Tomcat]
2019-08-09 12:43:44.730  INFO 6856 --- [restartedMain] org.apache.catalina.core.StandardEngine  : Starting Servlet engine: [Apache Tomcat/9.0.22]
2019-08-09 12:43:44.792  INFO 6856 --- [restartedMain] o.a.c.c.C.[Tomcat].[localhost].[/]       : Initializing Spring embedded WebApplicationContext
2019-08-09 12:43:44.792  INFO 6856 --- [restartedMain] o.s.web.context.ContextLoader            : Root WebApplicationContext: initialization completed in 399 ms
2019-08-09 12:43:44.838  INFO 6856 --- [restartedMain] o.s.s.concurrent.ThreadPoolTaskExecutor  : Initializing ExecutorService 'applicationTaskExecutor'
2019-08-09 12:43:44.876  INFO 6856 --- [restartedMain] o.s.b.d.a.OptionalLiveReloadServer       : LiveReload server is running on port 35729
2019-08-09 12:43:44.890  INFO 6856 --- [restartedMain] o.s.b.w.embedded.tomcat.TomcatWebServer  : Tomcat started on port(s): 8081 (http) with context path ''
2019-08-09 12:43:44.891  INFO 6856 --- [restartedMain] com.example.devops.DevopsApplication     : Started DevopsApplication in 0.535 seconds (JVM running for 485.627)
2019-08-09 12:43:44.893  INFO 6856 --- [restartedMain] .ConditionEvaluationDeltaLoggingListener : Condition evaluation unchanged
2019-08-09 12:43:56.491  INFO 6856 --- [Thread-56] o.s.s.concurrent.ThreadPoolTaskExecutor  : Shutting down ExecutorService 'applicationTaskExecutor'
2019-08-09 12:43:56.672  INFO 6856 --- [restartedMain] com.example.devops.DevopsApplication     : Starting DevopsApplication on DIN13002277 with PID 6856 (C:\Users\trainee\Documents\workspace-spring-tool4\devops\target\classes started by trainee in C:\Users\trainee\Documents\workspace-spring-tool4\devops)
2019-08-09 12:43:56.672  INFO 6856 --- [restartedMain] com.example.devops.DevopsApplication     : The following profiles are active: dev
2019-08-09 12:43:56.909  INFO 6856 --- [restartedMain] o.s.b.w.embedded.tomcat.TomcatWebServer  : Tomcat initialized with port(s): 8081 (http)
2019-08-09 12:43:56.910  INFO 6856 --- [restartedMain] o.apache.catalina.core.StandardService   : Starting service [Tomcat]
2019-08-09 12:43:56.910  INFO 6856 --- [restartedMain] org.apache.catalina.core.StandardEngine  : Starting Servlet engine: [Apache Tomcat/9.0.22]
2019-08-09 12:43:56.956  INFO 6856 --- [restartedMain] o.a.c.c.C.[Tomcat].[localhost].[/]       : Initializing Spring embedded WebApplicationContext
2019-08-09 12:43:56.957  INFO 6856 --- [restartedMain] o.s.web.context.ContextLoader            : Root WebApplicationContext: initialization completed in 283 ms
2019-08-09 12:43:57.008  INFO 6856 --- [restartedMain] o.s.s.concurrent.ThreadPoolTaskExecutor  : Initializing ExecutorService 'applicationTaskExecutor'
2019-08-09 12:43:57.044  INFO 6856 --- [restartedMain] o.s.b.d.a.OptionalLiveReloadServer       : LiveReload server is running on port 35729
2019-08-09 12:43:57.058  INFO 6856 --- [restartedMain] o.s.b.w.embedded.tomcat.TomcatWebServer  : Tomcat started on port(s): 8081 (http) with context path ''
2019-08-09 12:43:57.060  INFO 6856 --- [restartedMain] com.example.devops.DevopsApplication     : Started DevopsApplication in 0.414 seconds (JVM running for 497.795)
2019-08-09 12:43:57.062  INFO 6856 --- [restartedMain] .ConditionEvaluationDeltaLoggingListener : Condition evaluation unchanged
2019-08-09 12:44:00.490  INFO 6856 --- [Thread-64] o.s.s.concurrent.ThreadPoolTaskExecutor  : Shutting down ExecutorService 'applicationTaskExecutor'
2019-08-09 12:44:00.743  INFO 6856 --- [restartedMain] com.example.devops.DevopsApplication     : Starting DevopsApplication on DIN13002277 with PID 6856 (C:\Users\trainee\Documents\workspace-spring-tool4\devops\target\classes started by trainee in C:\Users\trainee\Documents\workspace-spring-tool4\devops)
2019-08-09 12:44:00.744  INFO 6856 --- [restartedMain] com.example.devops.DevopsApplication     : The following profiles are active: dev
2019-08-09 12:44:00.943  INFO 6856 --- [restartedMain] o.s.b.w.embedded.tomcat.TomcatWebServer  : Tomcat initialized with port(s): 8081 (http)
2019-08-09 12:44:00.944  INFO 6856 --- [restartedMain] o.apache.catalina.core.StandardService   : Starting service [Tomcat]
2019-08-09 12:44:00.944  INFO 6856 --- [restartedMain] org.apache.catalina.core.StandardEngine  : Starting Servlet engine: [Apache Tomcat/9.0.22]
2019-08-09 12:44:00.974  INFO 6856 --- [restartedMain] o.a.c.c.C.[Tomcat].[localhost].[/]       : Initializing Spring embedded WebApplicationContext
2019-08-09 12:44:00.975  INFO 6856 --- [restartedMain] o.s.web.context.ContextLoader            : Root WebApplicationContext: initialization completed in 230 ms
2019-08-09 12:44:01.020  INFO 6856 --- [restartedMain] o.s.s.concurrent.ThreadPoolTaskExecutor  : Initializing ExecutorService 'applicationTaskExecutor'
2019-08-09 12:44:01.053  INFO 6856 --- [restartedMain] o.s.b.d.a.OptionalLiveReloadServer       : LiveReload server is running on port 35729
2019-08-09 12:44:01.070  INFO 6856 --- [restartedMain] o.s.b.w.embedded.tomcat.TomcatWebServer  : Tomcat started on port(s): 8081 (http) with context path ''
2019-08-09 12:44:01.070  INFO 6856 --- [restartedMain] com.example.devops.DevopsApplication     : Started DevopsApplication in 0.349 seconds (JVM running for 501.806)
2019-08-09 12:44:01.073  INFO 6856 --- [restartedMain] .ConditionEvaluationDeltaLoggingListener : Condition evaluation unchanged
2019-08-09 12:44:12.642  INFO 6856 --- [Thread-72] o.s.s.concurrent.ThreadPoolTaskExecutor  : Shutting down ExecutorService 'applicationTaskExecutor'
2019-08-09 12:44:12.850  INFO 6856 --- [restartedMain] com.example.devops.DevopsApplication     : Starting DevopsApplication on DIN13002277 with PID 6856 (C:\Users\trainee\Documents\workspace-spring-tool4\devops\target\classes started by trainee in C:\Users\trainee\Documents\workspace-spring-tool4\devops)
2019-08-09 12:44:12.850  INFO 6856 --- [restartedMain] com.example.devops.DevopsApplication     : The following profiles are active: dev
2019-08-09 12:44:13.051  INFO 6856 --- [restartedMain] o.s.b.w.embedded.tomcat.TomcatWebServer  : Tomcat initialized with port(s): 8081 (http)
2019-08-09 12:44:13.052  INFO 6856 --- [restartedMain] o.apache.catalina.core.StandardService   : Starting service [Tomcat]
2019-08-09 12:44:13.052  INFO 6856 --- [restartedMain] org.apache.catalina.core.StandardEngine  : Starting Servlet engine: [Apache Tomcat/9.0.22]
2019-08-09 12:44:13.070  INFO 6856 --- [restartedMain] o.a.c.c.C.[Tomcat].[localhost].[/]       : Initializing Spring embedded WebApplicationContext
2019-08-09 12:44:13.071  INFO 6856 --- [restartedMain] o.s.web.context.ContextLoader            : Root WebApplicationContext: initialization completed in 219 ms
2019-08-09 12:44:13.115  INFO 6856 --- [restartedMain] o.s.s.concurrent.ThreadPoolTaskExecutor  : Initializing ExecutorService 'applicationTaskExecutor'
2019-08-09 12:44:13.144  INFO 6856 --- [restartedMain] o.s.b.d.a.OptionalLiveReloadServer       : LiveReload server is running on port 35729
2019-08-09 12:44:13.155  INFO 6856 --- [restartedMain] o.s.b.w.embedded.tomcat.TomcatWebServer  : Tomcat started on port(s): 8081 (http) with context path ''
2019-08-09 12:44:13.156  INFO 6856 --- [restartedMain] com.example.devops.DevopsApplication     : Started DevopsApplication in 0.329 seconds (JVM running for 513.89)
2019-08-09 12:44:13.159  INFO 6856 --- [restartedMain] .ConditionEvaluationDeltaLoggingListener : Condition evaluation unchanged
2019-08-09 12:44:16.599  INFO 6856 --- [Thread-80] o.s.s.concurrent.ThreadPoolTaskExecutor  : Shutting down ExecutorService 'applicationTaskExecutor'
2019-08-09 12:44:16.785  INFO 6856 --- [restartedMain] com.example.devops.DevopsApplication     : Starting DevopsApplication on DIN13002277 with PID 6856 (C:\Users\trainee\Documents\workspace-spring-tool4\devops\target\classes started by trainee in C:\Users\trainee\Documents\workspace-spring-tool4\devops)
2019-08-09 12:44:16.786  INFO 6856 --- [restartedMain] com.example.devops.DevopsApplication     : The following profiles are active: dev
2019-08-09 12:44:16.965  INFO 6856 --- [restartedMain] o.s.b.w.embedded.tomcat.TomcatWebServer  : Tomcat initialized with port(s): 8081 (http)
2019-08-09 12:44:16.966  INFO 6856 --- [restartedMain] o.apache.catalina.core.StandardService   : Starting service [Tomcat]
2019-08-09 12:44:16.966  INFO 6856 --- [restartedMain] org.apache.catalina.core.StandardEngine  : Starting Servlet engine: [Apache Tomcat/9.0.22]
2019-08-09 12:44:16.991  INFO 6856 --- [restartedMain] o.a.c.c.C.[Tomcat].[localhost].[/]       : Initializing Spring embedded WebApplicationContext
2019-08-09 12:44:16.991  INFO 6856 --- [restartedMain] o.s.web.context.ContextLoader            : Root WebApplicationContext: initialization completed in 204 ms
2019-08-09 12:44:17.035  INFO 6856 --- [restartedMain] o.s.s.concurrent.ThreadPoolTaskExecutor  : Initializing ExecutorService 'applicationTaskExecutor'
2019-08-09 12:44:17.067  INFO 6856 --- [restartedMain] o.s.b.d.a.OptionalLiveReloadServer       : LiveReload server is running on port 35729
2019-08-09 12:44:17.080  INFO 6856 --- [restartedMain] o.s.b.w.embedded.tomcat.TomcatWebServer  : Tomcat started on port(s): 8081 (http) with context path ''
2019-08-09 12:44:17.081  INFO 6856 --- [restartedMain] com.example.devops.DevopsApplication     : Started DevopsApplication in 0.318 seconds (JVM running for 517.815)
2019-08-09 12:44:17.083  INFO 6856 --- [restartedMain] .ConditionEvaluationDeltaLoggingListener : Condition evaluation unchanged
2019-08-09 12:44:23.967  INFO 6856 --- [http-nio-8081-exec-1] o.a.c.c.C.[Tomcat].[localhost].[/]       : Initializing Spring DispatcherServlet 'dispatcherServlet'
2019-08-09 12:44:23.968  INFO 6856 --- [http-nio-8081-exec-1] o.s.web.servlet.DispatcherServlet        : Initializing Servlet 'dispatcherServlet'
2019-08-09 12:44:23.971  INFO 6856 --- [http-nio-8081-exec-1] o.s.web.servlet.DispatcherServlet        : Completed initialization in 3 ms
2019-08-09 12:44:23.974 ERROR 6856 --- [http-nio-8081-exec-1] o.a.c.c.C.[.[.[/].[dispatcherServlet]    : Servlet.service() for servlet [dispatcherServlet] in context with path [] threw exception [Handler dispatch failed; nested exception is java.lang.Error: Unresolved compilation problem: 
	Type mismatch: cannot convert from int to String
] with root cause

java.lang.Error: Unresolved compilation problem: 
	Type mismatch: cannot convert from int to String

	at com.example.devops.service.ReportServiceImpl.getReport(ReportServiceImpl.java:23) ~[classes/:na]
	at com.example.devops.controller.ReportController.removeStudent(ReportController.java:20) ~[classes/:na]
	at sun.reflect.NativeMethodAccessorImpl.invoke0(Native Method) ~[na:1.8.0_131]
	at sun.reflect.NativeMethodAccessorImpl.invoke(NativeMethodAccessorImpl.java:62) ~[na:1.8.0_131]
	at sun.reflect.DelegatingMethodAccessorImpl.invoke(DelegatingMethodAccessorImpl.java:43) ~[na:1.8.0_131]
	at java.lang.reflect.Method.invoke(Method.java:498) ~[na:1.8.0_131]
	at org.springframework.web.method.support.InvocableHandlerMethod.doInvoke(InvocableHandlerMethod.java:190) ~[spring-web-5.1.9.RELEASE.jar:5.1.9.RELEASE]
	at org.springframework.web.method.support.InvocableHandlerMethod.invokeForRequest(InvocableHandlerMethod.java:138) ~[spring-web-5.1.9.RELEASE.jar:5.1.9.RELEASE]
	at org.springframework.web.servlet.mvc.method.annotation.ServletInvocableHandlerMethod.invokeAndHandle(ServletInvocableHandlerMethod.java:104) ~[spring-webmvc-5.1.9.RELEASE.jar:5.1.9.RELEASE]
	at org.springframework.web.servlet.mvc.method.annotation.RequestMappingHandlerAdapter.invokeHandlerMethod(RequestMappingHandlerAdapter.java:892) ~[spring-webmvc-5.1.9.RELEASE.jar:5.1.9.RELEASE]
	at org.springframework.web.servlet.mvc.method.annotation.RequestMappingHandlerAdapter.handleInternal(RequestMappingHandlerAdapter.java:797) ~[spring-webmvc-5.1.9.RELEASE.jar:5.1.9.RELEASE]
	at org.springframework.web.servlet.mvc.method.AbstractHandlerMethodAdapter.handle(AbstractHandlerMethodAdapter.java:87) ~[spring-webmvc-5.1.9.RELEASE.jar:5.1.9.RELEASE]
	at org.springframework.web.servlet.DispatcherServlet.doDispatch(DispatcherServlet.java:1039) ~[spring-webmvc-5.1.9.RELEASE.jar:5.1.9.RELEASE]
	at org.springframework.web.servlet.DispatcherServlet.doService(DispatcherServlet.java:942) ~[spring-webmvc-5.1.9.RELEASE.jar:5.1.9.RELEASE]
	at org.springframework.web.servlet.FrameworkServlet.processRequest(FrameworkServlet.java:1005) ~[spring-webmvc-5.1.9.RELEASE.jar:5.1.9.RELEASE]
	at org.springframework.web.servlet.FrameworkServlet.doGet(FrameworkServlet.java:897) ~[spring-webmvc-5.1.9.RELEASE.jar:5.1.9.RELEASE]
	at javax.servlet.http.HttpServlet.service(HttpServlet.java:634) ~[tomcat-embed-core-9.0.22.jar:9.0.22]
	at org.springframework.web.servlet.FrameworkServlet.service(FrameworkServlet.java:882) ~[spring-webmvc-5.1.9.RELEASE.jar:5.1.9.RELEASE]
	at javax.servlet.http.HttpServlet.service(HttpServlet.java:741) ~[tomcat-embed-core-9.0.22.jar:9.0.22]
	at org.apache.catalina.core.ApplicationFilterChain.internalDoFilter(ApplicationFilterChain.java:231) ~[tomcat-embed-core-9.0.22.jar:9.0.22]
	at org.apache.catalina.core.ApplicationFilterChain.doFilter(ApplicationFilterChain.java:166) ~[tomcat-embed-core-9.0.22.jar:9.0.22]
	at org.apache.tomcat.websocket.server.WsFilter.doFilter(WsFilter.java:53) ~[tomcat-embed-websocket-9.0.22.jar:9.0.22]
	at org.apache.catalina.core.ApplicationFilterChain.internalDoFilter(ApplicationFilterChain.java:193) ~[tomcat-embed-core-9.0.22.jar:9.0.22]
	at org.apache.catalina.core.ApplicationFilterChain.doFilter(ApplicationFilterChain.java:166) ~[tomcat-embed-core-9.0.22.jar:9.0.22]
	at org.springframework.web.filter.RequestContextFilter.doFilterInternal(RequestContextFilter.java:99) ~[spring-web-5.1.9.RELEASE.jar:5.1.9.RELEASE]
	at org.springframework.web.filter.OncePerRequestFilter.doFilter(OncePerRequestFilter.java:118) ~[spring-web-5.1.9.RELEASE.jar:5.1.9.RELEASE]
	at org.apache.catalina.core.ApplicationFilterChain.internalDoFilter(ApplicationFilterChain.java:193) ~[tomcat-embed-core-9.0.22.jar:9.0.22]
	at org.apache.catalina.core.ApplicationFilterChain.doFilter(ApplicationFilterChain.java:166) ~[tomcat-embed-core-9.0.22.jar:9.0.22]
	at org.springframework.web.filter.FormContentFilter.doFilterInternal(FormContentFilter.java:92) ~[spring-web-5.1.9.RELEASE.jar:5.1.9.RELEASE]
	at org.springframework.web.filter.OncePerRequestFilter.doFilter(OncePerRequestFilter.java:118) ~[spring-web-5.1.9.RELEASE.jar:5.1.9.RELEASE]
	at org.apache.catalina.core.ApplicationFilterChain.internalDoFilter(ApplicationFilterChain.java:193) ~[tomcat-embed-core-9.0.22.jar:9.0.22]
	at org.apache.catalina.core.ApplicationFilterChain.doFilter(ApplicationFilterChain.java:166) ~[tomcat-embed-core-9.0.22.jar:9.0.22]
	at org.springframework.web.filter.HiddenHttpMethodFilter.doFilterInternal(HiddenHttpMethodFilter.java:93) ~[spring-web-5.1.9.RELEASE.jar:5.1.9.RELEASE]
	at org.springframework.web.filter.OncePerRequestFilter.doFilter(OncePerRequestFilter.java:118) ~[spring-web-5.1.9.RELEASE.jar:5.1.9.RELEASE]
	at org.apache.catalina.core.ApplicationFilterChain.internalDoFilter(ApplicationFilterChain.java:193) ~[tomcat-embed-core-9.0.22.jar:9.0.22]
	at org.apache.catalina.core.ApplicationFilterChain.doFilter(ApplicationFilterChain.java:166) ~[tomcat-embed-core-9.0.22.jar:9.0.22]
	at org.springframework.web.filter.CharacterEncodingFilter.doFilterInternal(CharacterEncodingFilter.java:200) ~[spring-web-5.1.9.RELEASE.jar:5.1.9.RELEASE]
	at org.springframework.web.filter.OncePerRequestFilter.doFilter(OncePerRequestFilter.java:118) ~[spring-web-5.1.9.RELEASE.jar:5.1.9.RELEASE]
	at org.apache.catalina.core.ApplicationFilterChain.internalDoFilter(ApplicationFilterChain.java:193) ~[tomcat-embed-core-9.0.22.jar:9.0.22]
	at org.apache.catalina.core.ApplicationFilterChain.doFilter(ApplicationFilterChain.java:166) ~[tomcat-embed-core-9.0.22.jar:9.0.22]
	at org.apache.catalina.core.StandardWrapperValve.invoke(StandardWrapperValve.java:202) ~[tomcat-embed-core-9.0.22.jar:9.0.22]
	at org.apache.catalina.core.StandardContextValve.invoke(StandardContextValve.java:96) [tomcat-embed-core-9.0.22.jar:9.0.22]
	at org.apache.catalina.authenticator.AuthenticatorBase.invoke(AuthenticatorBase.java:490) [tomcat-embed-core-9.0.22.jar:9.0.22]
	at org.apache.catalina.core.StandardHostValve.invoke(StandardHostValve.java:139) [tomcat-embed-core-9.0.22.jar:9.0.22]
	at org.apache.catalina.valves.ErrorReportValve.invoke(ErrorReportValve.java:92) [tomcat-embed-core-9.0.22.jar:9.0.22]
	at org.apache.catalina.core.StandardEngineValve.invoke(StandardEngineValve.java:74) [tomcat-embed-core-9.0.22.jar:9.0.22]
	at org.apache.catalina.connector.CoyoteAdapter.service(CoyoteAdapter.java:343) [tomcat-embed-core-9.0.22.jar:9.0.22]
	at org.apache.coyote.http11.Http11Processor.service(Http11Processor.java:408) [tomcat-embed-core-9.0.22.jar:9.0.22]
	at org.apache.coyote.AbstractProcessorLight.process(AbstractProcessorLight.java:66) [tomcat-embed-core-9.0.22.jar:9.0.22]
	at org.apache.coyote.AbstractProtocol$ConnectionHandler.process(AbstractProtocol.java:853) [tomcat-embed-core-9.0.22.jar:9.0.22]
	at org.apache.tomcat.util.net.NioEndpoint$SocketProcessor.doRun(NioEndpoint.java:1587) [tomcat-embed-core-9.0.22.jar:9.0.22]
	at org.apache.tomcat.util.net.SocketProcessorBase.run(SocketProcessorBase.java:49) [tomcat-embed-core-9.0.22.jar:9.0.22]
	at java.util.concurrent.ThreadPoolExecutor.runWorker(ThreadPoolExecutor.java:1142) [na:1.8.0_131]
	at java.util.concurrent.ThreadPoolExecutor$Worker.run(ThreadPoolExecutor.java:617) [na:1.8.0_131]
	at org.apache.tomcat.util.threads.TaskThread$WrappingRunnable.run(TaskThread.java:61) [tomcat-embed-core-9.0.22.jar:9.0.22]
	at java.lang.Thread.run(Thread.java:748) [na:1.8.0_131]

2019-08-09 12:44:59.183  INFO 6856 --- [Thread-88] o.s.s.concurrent.ThreadPoolTaskExecutor  : Shutting down ExecutorService 'applicationTaskExecutor'
2019-08-09 12:44:59.391  INFO 6856 --- [restartedMain] com.example.devops.DevopsApplication     : Starting DevopsApplication on DIN13002277 with PID 6856 (C:\Users\trainee\Documents\workspace-spring-tool4\devops\target\classes started by trainee in C:\Users\trainee\Documents\workspace-spring-tool4\devops)
2019-08-09 12:44:59.391  INFO 6856 --- [restartedMain] com.example.devops.DevopsApplication     : The following profiles are active: dev
2019-08-09 12:44:59.625  INFO 6856 --- [restartedMain] o.s.b.w.embedded.tomcat.TomcatWebServer  : Tomcat initialized with port(s): 8081 (http)
2019-08-09 12:44:59.626  INFO 6856 --- [restartedMain] o.apache.catalina.core.StandardService   : Starting service [Tomcat]
2019-08-09 12:44:59.626  INFO 6856 --- [restartedMain] org.apache.catalina.core.StandardEngine  : Starting Servlet engine: [Apache Tomcat/9.0.22]
2019-08-09 12:44:59.643  INFO 6856 --- [restartedMain] o.a.c.c.C.[Tomcat].[localhost].[/]       : Initializing Spring embedded WebApplicationContext
2019-08-09 12:44:59.643  INFO 6856 --- [restartedMain] o.s.web.context.ContextLoader            : Root WebApplicationContext: initialization completed in 250 ms
2019-08-09 12:44:59.680  INFO 6856 --- [restartedMain] o.s.s.concurrent.ThreadPoolTaskExecutor  : Initializing ExecutorService 'applicationTaskExecutor'
2019-08-09 12:44:59.711  INFO 6856 --- [restartedMain] o.s.b.d.a.OptionalLiveReloadServer       : LiveReload server is running on port 35729
2019-08-09 12:44:59.727  INFO 6856 --- [restartedMain] o.s.b.w.embedded.tomcat.TomcatWebServer  : Tomcat started on port(s): 8081 (http) with context path ''
2019-08-09 12:44:59.727  INFO 6856 --- [restartedMain] com.example.devops.DevopsApplication     : Started DevopsApplication in 0.354 seconds (JVM running for 560.459)
2019-08-09 12:44:59.729  INFO 6856 --- [restartedMain] .ConditionEvaluationDeltaLoggingListener : Condition evaluation unchanged
2019-08-09 12:45:08.238  INFO 6856 --- [http-nio-8081-exec-2] o.a.c.c.C.[Tomcat].[localhost].[/]       : Initializing Spring DispatcherServlet 'dispatcherServlet'
2019-08-09 12:45:08.239  INFO 6856 --- [http-nio-8081-exec-2] o.s.web.servlet.DispatcherServlet        : Initializing Servlet 'dispatcherServlet'
2019-08-09 12:45:08.242  INFO 6856 --- [http-nio-8081-exec-2] o.s.web.servlet.DispatcherServlet        : Completed initialization in 2 ms
2019-08-09 12:48:00.255  INFO 6856 --- [Thread-96] o.s.s.concurrent.ThreadPoolTaskExecutor  : Shutting down ExecutorService 'applicationTaskExecutor'
2019-08-09 12:48:00.535  INFO 6856 --- [restartedMain] com.example.devops.DevopsApplication     : Starting DevopsApplication on DIN13002277 with PID 6856 (C:\Users\trainee\Documents\workspace-spring-tool4\devops\target\classes started by trainee in C:\Users\trainee\Documents\workspace-spring-tool4\devops)
2019-08-09 12:48:00.535  INFO 6856 --- [restartedMain] com.example.devops.DevopsApplication     : The following profiles are active: dev
2019-08-09 12:48:00.735  INFO 6856 --- [restartedMain] o.s.b.w.embedded.tomcat.TomcatWebServer  : Tomcat initialized with port(s): 8081 (http)
2019-08-09 12:48:00.735  INFO 6856 --- [restartedMain] o.apache.catalina.core.StandardService   : Starting service [Tomcat]
2019-08-09 12:48:00.736  INFO 6856 --- [restartedMain] org.apache.catalina.core.StandardEngine  : Starting Servlet engine: [Apache Tomcat/9.0.22]
2019-08-09 12:48:00.752  INFO 6856 --- [restartedMain] o.a.c.c.C.[Tomcat].[localhost].[/]       : Initializing Spring embedded WebApplicationContext
2019-08-09 12:48:00.752  INFO 6856 --- [restartedMain] o.s.web.context.ContextLoader            : Root WebApplicationContext: initialization completed in 215 ms
2019-08-09 12:48:00.793  INFO 6856 --- [restartedMain] o.s.s.concurrent.ThreadPoolTaskExecutor  : Initializing ExecutorService 'applicationTaskExecutor'
2019-08-09 12:48:00.820  INFO 6856 --- [restartedMain] o.s.b.d.a.OptionalLiveReloadServer       : LiveReload server is running on port 35729
2019-08-09 12:48:00.832  INFO 6856 --- [restartedMain] o.s.b.w.embedded.tomcat.TomcatWebServer  : Tomcat started on port(s): 8081 (http) with context path ''
2019-08-09 12:48:00.833  INFO 6856 --- [restartedMain] com.example.devops.DevopsApplication     : Started DevopsApplication in 0.325 seconds (JVM running for 741.551)
2019-08-09 12:48:00.834  INFO 6856 --- [restartedMain] .ConditionEvaluationDeltaLoggingListener : Condition evaluation unchanged
2019-08-09 12:50:27.783  INFO 6856 --- [Thread-104] o.s.s.concurrent.ThreadPoolTaskExecutor  : Shutting down ExecutorService 'applicationTaskExecutor'
2019-08-09 12:50:27.923  INFO 6856 --- [restartedMain] com.example.devops.DevopsApplication     : Starting DevopsApplication on DIN13002277 with PID 6856 (C:\Users\trainee\Documents\workspace-spring-tool4\devops\target\classes started by trainee in C:\Users\trainee\Documents\workspace-spring-tool4\devops)
2019-08-09 12:50:27.923  INFO 6856 --- [restartedMain] com.example.devops.DevopsApplication     : The following profiles are active: dev
2019-08-09 12:50:28.154  INFO 6856 --- [restartedMain] o.s.b.w.embedded.tomcat.TomcatWebServer  : Tomcat initialized with port(s): 8081 (http)
2019-08-09 12:50:28.155  INFO 6856 --- [restartedMain] o.apache.catalina.core.StandardService   : Starting service [Tomcat]
2019-08-09 12:50:28.155  INFO 6856 --- [restartedMain] org.apache.catalina.core.StandardEngine  : Starting Servlet engine: [Apache Tomcat/9.0.22]
2019-08-09 12:50:28.209  INFO 6856 --- [restartedMain] o.a.c.c.C.[Tomcat].[localhost].[/]       : Initializing Spring embedded WebApplicationContext
2019-08-09 12:50:28.209  INFO 6856 --- [restartedMain] o.s.web.context.ContextLoader            : Root WebApplicationContext: initialization completed in 285 ms
2019-08-09 12:50:28.269  INFO 6856 --- [restartedMain] o.s.s.concurrent.ThreadPoolTaskExecutor  : Initializing ExecutorService 'applicationTaskExecutor'
2019-08-09 12:50:28.306  INFO 6856 --- [restartedMain] o.s.b.d.a.OptionalLiveReloadServer       : LiveReload server is running on port 35729
2019-08-09 12:50:28.321  INFO 6856 --- [restartedMain] o.s.b.w.embedded.tomcat.TomcatWebServer  : Tomcat started on port(s): 8081 (http) with context path ''
2019-08-09 12:50:28.322  INFO 6856 --- [restartedMain] com.example.devops.DevopsApplication     : Started DevopsApplication in 0.421 seconds (JVM running for 889.031)
2019-08-09 12:50:28.324  INFO 6856 --- [restartedMain] .ConditionEvaluationDeltaLoggingListener : Condition evaluation unchanged
2019-08-09 12:50:42.964  INFO 6856 --- [Thread-112] o.s.s.concurrent.ThreadPoolTaskExecutor  : Shutting down ExecutorService 'applicationTaskExecutor'
2019-08-09 12:50:43.196  INFO 6856 --- [restartedMain] com.example.devops.DevopsApplication     : Starting DevopsApplication on DIN13002277 with PID 6856 (C:\Users\trainee\Documents\workspace-spring-tool4\devops\target\classes started by trainee in C:\Users\trainee\Documents\workspace-spring-tool4\devops)
2019-08-09 12:50:43.197  INFO 6856 --- [restartedMain] com.example.devops.DevopsApplication     : The following profiles are active: dev
2019-08-09 12:50:43.408  INFO 6856 --- [restartedMain] o.s.b.w.embedded.tomcat.TomcatWebServer  : Tomcat initialized with port(s): 8081 (http)
2019-08-09 12:50:43.409  INFO 6856 --- [restartedMain] o.apache.catalina.core.StandardService   : Starting service [Tomcat]
2019-08-09 12:50:43.409  INFO 6856 --- [restartedMain] org.apache.catalina.core.StandardEngine  : Starting Servlet engine: [Apache Tomcat/9.0.22]
2019-08-09 12:50:43.429  INFO 6856 --- [restartedMain] o.a.c.c.C.[Tomcat].[localhost].[/]       : Initializing Spring embedded WebApplicationContext
2019-08-09 12:50:43.429  INFO 6856 --- [restartedMain] o.s.web.context.ContextLoader            : Root WebApplicationContext: initialization completed in 231 ms
2019-08-09 12:50:43.469  INFO 6856 --- [restartedMain] o.s.s.concurrent.ThreadPoolTaskExecutor  : Initializing ExecutorService 'applicationTaskExecutor'
2019-08-09 12:50:43.497  INFO 6856 --- [restartedMain] o.s.b.d.a.OptionalLiveReloadServer       : LiveReload server is running on port 35729
2019-08-09 12:50:43.510  INFO 6856 --- [restartedMain] o.s.b.w.embedded.tomcat.TomcatWebServer  : Tomcat started on port(s): 8081 (http) with context path ''
2019-08-09 12:50:43.510  INFO 6856 --- [restartedMain] com.example.devops.DevopsApplication     : Started DevopsApplication in 0.338 seconds (JVM running for 904.218)
2019-08-09 12:50:43.512  INFO 6856 --- [restartedMain] .ConditionEvaluationDeltaLoggingListener : Condition evaluation unchanged
2019-08-09 12:54:22.890  INFO 6856 --- [Thread-120] o.s.s.concurrent.ThreadPoolTaskExecutor  : Shutting down ExecutorService 'applicationTaskExecutor'
2019-08-09 12:54:23.086  INFO 6856 --- [restartedMain] com.example.devops.DevopsApplication     : Starting DevopsApplication on DIN13002277 with PID 6856 (C:\Users\trainee\Documents\workspace-spring-tool4\devops\target\classes started by trainee in C:\Users\trainee\Documents\workspace-spring-tool4\devops)
2019-08-09 12:54:23.087  INFO 6856 --- [restartedMain] com.example.devops.DevopsApplication     : The following profiles are active: dev
2019-08-09 12:54:23.315  INFO 6856 --- [restartedMain] o.s.b.w.embedded.tomcat.TomcatWebServer  : Tomcat initialized with port(s): 8081 (http)
2019-08-09 12:54:23.317  INFO 6856 --- [restartedMain] o.apache.catalina.core.StandardService   : Starting service [Tomcat]
2019-08-09 12:54:23.317  INFO 6856 --- [restartedMain] org.apache.catalina.core.StandardEngine  : Starting Servlet engine: [Apache Tomcat/9.0.22]
2019-08-09 12:54:23.336  INFO 6856 --- [restartedMain] o.a.c.c.C.[Tomcat].[localhost].[/]       : Initializing Spring embedded WebApplicationContext
2019-08-09 12:54:23.336  INFO 6856 --- [restartedMain] o.s.web.context.ContextLoader            : Root WebApplicationContext: initialization completed in 248 ms
2019-08-09 12:54:23.387  INFO 6856 --- [restartedMain] o.s.s.concurrent.ThreadPoolTaskExecutor  : Initializing ExecutorService 'applicationTaskExecutor'
2019-08-09 12:54:23.422  INFO 6856 --- [restartedMain] o.s.b.d.a.OptionalLiveReloadServer       : LiveReload server is running on port 35729
2019-08-09 12:54:23.434  INFO 6856 --- [restartedMain] o.s.b.w.embedded.tomcat.TomcatWebServer  : Tomcat started on port(s): 8081 (http) with context path ''
2019-08-09 12:54:23.434  INFO 6856 --- [restartedMain] com.example.devops.DevopsApplication     : Started DevopsApplication in 0.38 seconds (JVM running for 1124.126)
2019-08-09 12:54:23.436  INFO 6856 --- [restartedMain] .ConditionEvaluationDeltaLoggingListener : Condition evaluation unchanged
2019-08-09 12:54:25.877  INFO 6856 --- [http-nio-8081-exec-3] o.a.c.c.C.[Tomcat].[localhost].[/]       : Initializing Spring DispatcherServlet 'dispatcherServlet'
2019-08-09 12:54:25.878  INFO 6856 --- [http-nio-8081-exec-3] o.s.web.servlet.DispatcherServlet        : Initializing Servlet 'dispatcherServlet'
2019-08-09 12:54:25.880  INFO 6856 --- [http-nio-8081-exec-3] o.s.web.servlet.DispatcherServlet        : Completed initialization in 2 ms
2019-08-09 14:21:14.858  INFO 6856 --- [RMI TCP Connection(273)-127.0.0.1] inMXBeanRegistrar$SpringApplicationAdmin : Application shutdown requested.
2019-08-09 14:21:14.861  INFO 6856 --- [RMI TCP Connection(273)-127.0.0.1] o.s.s.concurrent.ThreadPoolTaskExecutor  : Shutting down ExecutorService 'applicationTaskExecutor'
2019-08-09 17:29:28.299  INFO 8760 --- [restartedMain] com.example.devops.DevopsApplication     : Starting DevopsApplication on DIN13002277 with PID 8760 (C:\Users\trainee\git\devOps\devops\target\classes started by trainee in C:\Users\trainee\git\devOps\devops)
2019-08-09 17:29:28.314  INFO 8760 --- [restartedMain] com.example.devops.DevopsApplication     : The following profiles are active: dev
2019-08-09 17:29:28.384  INFO 8760 --- [restartedMain] .e.DevToolsPropertyDefaultsPostProcessor : Devtools property defaults active! Set 'spring.devtools.add-properties' to 'false' to disable
2019-08-09 17:29:28.384  INFO 8760 --- [restartedMain] .e.DevToolsPropertyDefaultsPostProcessor : For additional web related logging consider setting the 'logging.level.web' property to 'DEBUG'
2019-08-09 17:29:30.142  INFO 8760 --- [restartedMain] o.s.b.w.embedded.tomcat.TomcatWebServer  : Tomcat initialized with port(s): 8081 (http)
2019-08-09 17:29:30.161  INFO 8760 --- [restartedMain] o.apache.catalina.core.StandardService   : Starting service [Tomcat]
2019-08-09 17:29:30.161  INFO 8760 --- [restartedMain] org.apache.catalina.core.StandardEngine  : Starting Servlet engine: [Apache Tomcat/9.0.22]
2019-08-09 17:29:30.287  INFO 8760 --- [restartedMain] o.a.c.c.C.[Tomcat].[localhost].[/]       : Initializing Spring embedded WebApplicationContext
2019-08-09 17:29:30.288  INFO 8760 --- [restartedMain] o.s.web.context.ContextLoader            : Root WebApplicationContext: initialization completed in 1904 ms
2019-08-09 17:29:30.628  INFO 8760 --- [restartedMain] o.s.s.concurrent.ThreadPoolTaskExecutor  : Initializing ExecutorService 'applicationTaskExecutor'
2019-08-09 17:29:30.833  INFO 8760 --- [restartedMain] o.s.b.d.a.OptionalLiveReloadServer       : LiveReload server is running on port 35729
2019-08-09 17:29:30.870  INFO 8760 --- [restartedMain] o.s.b.w.embedded.tomcat.TomcatWebServer  : Tomcat started on port(s): 8081 (http) with context path ''
2019-08-09 17:29:30.872  INFO 8760 --- [restartedMain] com.example.devops.DevopsApplication     : Started DevopsApplication in 3.472 seconds (JVM running for 4.461)
2019-08-09 17:29:40.689  INFO 8760 --- [http-nio-8081-exec-1] o.a.c.c.C.[Tomcat].[localhost].[/]       : Initializing Spring DispatcherServlet 'dispatcherServlet'
2019-08-09 17:29:40.689  INFO 8760 --- [http-nio-8081-exec-1] o.s.web.servlet.DispatcherServlet        : Initializing Servlet 'dispatcherServlet'
2019-08-09 17:29:40.720  INFO 8760 --- [http-nio-8081-exec-1] o.s.web.servlet.DispatcherServlet        : Completed initialization in 30 ms
2019-08-09 17:29:41.203  WARN 8760 --- [http-nio-8081-exec-1] .m.m.a.ExceptionHandlerExceptionResolver : Resolved [org.springframework.web.client.HttpClientErrorException$BadRequest: 400 null]
2019-08-09 17:30:03.429  INFO 8760 --- [RMI TCP Connection(9)-127.0.0.1] inMXBeanRegistrar$SpringApplicationAdmin : Application shutdown requested.
2019-08-09 17:30:03.431  INFO 8760 --- [RMI TCP Connection(9)-127.0.0.1] o.s.s.concurrent.ThreadPoolTaskExecutor  : Shutting down ExecutorService 'applicationTaskExecutor'
2019-08-09 17:49:47.231  INFO 7776 --- [restartedMain] com.example.devops.DevopsApplication     : Starting DevopsApplication on DIN13002277 with PID 7776 (C:\Users\trainee\git\devOps\devops\target\classes started by trainee in C:\Users\trainee\git\devOps\devops)
2019-08-09 17:49:47.233  INFO 7776 --- [restartedMain] com.example.devops.DevopsApplication     : The following profiles are active: dev
2019-08-09 17:49:47.263  INFO 7776 --- [restartedMain] .e.DevToolsPropertyDefaultsPostProcessor : Devtools property defaults active! Set 'spring.devtools.add-properties' to 'false' to disable
2019-08-09 17:49:47.263  INFO 7776 --- [restartedMain] .e.DevToolsPropertyDefaultsPostProcessor : For additional web related logging consider setting the 'logging.level.web' property to 'DEBUG'
2019-08-09 17:49:48.251  INFO 7776 --- [restartedMain] o.s.b.w.embedded.tomcat.TomcatWebServer  : Tomcat initialized with port(s): 8081 (http)
2019-08-09 17:49:48.268  INFO 7776 --- [restartedMain] o.apache.catalina.core.StandardService   : Starting service [Tomcat]
2019-08-09 17:49:48.269  INFO 7776 --- [restartedMain] org.apache.catalina.core.StandardEngine  : Starting Servlet engine: [Apache Tomcat/9.0.22]
2019-08-09 17:49:48.433  INFO 7776 --- [restartedMain] o.a.c.c.C.[Tomcat].[localhost].[/]       : Initializing Spring embedded WebApplicationContext
2019-08-09 17:49:48.433  INFO 7776 --- [restartedMain] o.s.web.context.ContextLoader            : Root WebApplicationContext: initialization completed in 1170 ms
2019-08-09 17:49:48.623  INFO 7776 --- [restartedMain] o.s.s.concurrent.ThreadPoolTaskExecutor  : Initializing ExecutorService 'applicationTaskExecutor'
2019-08-09 17:49:48.791  INFO 7776 --- [restartedMain] o.s.b.d.a.OptionalLiveReloadServer       : LiveReload server is running on port 35729
2019-08-09 17:49:48.851  INFO 7776 --- [restartedMain] o.s.b.w.embedded.tomcat.TomcatWebServer  : Tomcat started on port(s): 8081 (http) with context path ''
2019-08-09 17:49:48.855  INFO 7776 --- [restartedMain] com.example.devops.DevopsApplication     : Started DevopsApplication in 1.889 seconds (JVM running for 2.377)
2019-08-09 17:49:59.525  INFO 7776 --- [http-nio-8081-exec-1] o.a.c.c.C.[Tomcat].[localhost].[/]       : Initializing Spring DispatcherServlet 'dispatcherServlet'
2019-08-09 17:49:59.526  INFO 7776 --- [http-nio-8081-exec-1] o.s.web.servlet.DispatcherServlet        : Initializing Servlet 'dispatcherServlet'
2019-08-09 17:49:59.532  INFO 7776 --- [http-nio-8081-exec-1] o.s.web.servlet.DispatcherServlet        : Completed initialization in 6 ms
2019-08-09 17:50:44.224  INFO 7776 --- [Thread-7] o.s.s.concurrent.ThreadPoolTaskExecutor  : Shutting down ExecutorService 'applicationTaskExecutor'
2019-08-09 17:50:44.435  INFO 7776 --- [restartedMain] com.example.devops.DevopsApplication     : Starting DevopsApplication on DIN13002277 with PID 7776 (C:\Users\trainee\git\devOps\devops\target\classes started by trainee in C:\Users\trainee\git\devOps\devops)
2019-08-09 17:50:44.436  INFO 7776 --- [restartedMain] com.example.devops.DevopsApplication     : The following profiles are active: dev
2019-08-09 17:50:44.710  INFO 7776 --- [restartedMain] o.s.b.w.embedded.tomcat.TomcatWebServer  : Tomcat initialized with port(s): 8081 (http)
2019-08-09 17:50:44.710  INFO 7776 --- [restartedMain] o.apache.catalina.core.StandardService   : Starting service [Tomcat]
2019-08-09 17:50:44.711  INFO 7776 --- [restartedMain] org.apache.catalina.core.StandardEngine  : Starting Servlet engine: [Apache Tomcat/9.0.22]
2019-08-09 17:50:44.730  INFO 7776 --- [restartedMain] o.a.c.c.C.[Tomcat].[localhost].[/]       : Initializing Spring embedded WebApplicationContext
2019-08-09 17:50:44.730  INFO 7776 --- [restartedMain] o.s.web.context.ContextLoader            : Root WebApplicationContext: initialization completed in 292 ms
2019-08-09 17:50:44.789  INFO 7776 --- [restartedMain] o.s.s.concurrent.ThreadPoolTaskExecutor  : Initializing ExecutorService 'applicationTaskExecutor'
2019-08-09 17:50:44.837  INFO 7776 --- [restartedMain] o.s.b.d.a.OptionalLiveReloadServer       : LiveReload server is running on port 35729
2019-08-09 17:50:44.856  INFO 7776 --- [restartedMain] o.s.b.w.embedded.tomcat.TomcatWebServer  : Tomcat started on port(s): 8081 (http) with context path ''
2019-08-09 17:50:44.857  INFO 7776 --- [restartedMain] com.example.devops.DevopsApplication     : Started DevopsApplication in 0.45 seconds (JVM running for 58.375)
2019-08-09 17:50:44.860  INFO 7776 --- [restartedMain] .ConditionEvaluationDeltaLoggingListener : Condition evaluation unchanged
2019-08-09 17:50:49.073  INFO 7776 --- [http-nio-8081-exec-2] o.a.c.c.C.[Tomcat].[localhost].[/]       : Initializing Spring DispatcherServlet 'dispatcherServlet'
2019-08-09 17:50:49.074  INFO 7776 --- [http-nio-8081-exec-2] o.s.web.servlet.DispatcherServlet        : Initializing Servlet 'dispatcherServlet'
2019-08-09 17:50:49.082  INFO 7776 --- [http-nio-8081-exec-2] o.s.web.servlet.DispatcherServlet        : Completed initialization in 8 ms
2019-08-09 17:51:32.818  INFO 7776 --- [RMI TCP Connection(12)-127.0.0.1] inMXBeanRegistrar$SpringApplicationAdmin : Application shutdown requested.
2019-08-09 17:51:32.822  INFO 7776 --- [RMI TCP Connection(12)-127.0.0.1] o.s.s.concurrent.ThreadPoolTaskExecutor  : Shutting down ExecutorService 'applicationTaskExecutor'
2019-08-09 17:52:27.410  INFO 3768 --- [restartedMain] com.example.devops.DevopsApplication     : Starting DevopsApplication on DIN13002277 with PID 3768 (C:\Users\trainee\git\devOps\devops\target\classes started by trainee in C:\Users\trainee\git\devOps\devops)
2019-08-09 17:52:27.412  INFO 3768 --- [restartedMain] com.example.devops.DevopsApplication     : The following profiles are active: dev
2019-08-09 17:52:27.440  INFO 3768 --- [restartedMain] .e.DevToolsPropertyDefaultsPostProcessor : Devtools property defaults active! Set 'spring.devtools.add-properties' to 'false' to disable
2019-08-09 17:52:27.441  INFO 3768 --- [restartedMain] .e.DevToolsPropertyDefaultsPostProcessor : For additional web related logging consider setting the 'logging.level.web' property to 'DEBUG'
2019-08-09 17:52:28.418  INFO 3768 --- [restartedMain] o.s.b.w.embedded.tomcat.TomcatWebServer  : Tomcat initialized with port(s): 8081 (http)
2019-08-09 17:52:28.435  INFO 3768 --- [restartedMain] o.apache.catalina.core.StandardService   : Starting service [Tomcat]
2019-08-09 17:52:28.436  INFO 3768 --- [restartedMain] org.apache.catalina.core.StandardEngine  : Starting Servlet engine: [Apache Tomcat/9.0.22]
2019-08-09 17:52:28.512  INFO 3768 --- [restartedMain] o.a.c.c.C.[Tomcat].[localhost].[/]       : Initializing Spring embedded WebApplicationContext
2019-08-09 17:52:28.512  INFO 3768 --- [restartedMain] o.s.web.context.ContextLoader            : Root WebApplicationContext: initialization completed in 1071 ms
2019-08-09 17:52:28.706  INFO 3768 --- [restartedMain] o.s.s.concurrent.ThreadPoolTaskExecutor  : Initializing ExecutorService 'applicationTaskExecutor'
2019-08-09 17:52:28.846  INFO 3768 --- [restartedMain] o.s.b.d.a.OptionalLiveReloadServer       : LiveReload server is running on port 35729
2019-08-09 17:52:28.887  INFO 3768 --- [restartedMain] o.s.b.w.embedded.tomcat.TomcatWebServer  : Tomcat started on port(s): 8081 (http) with context path ''
2019-08-09 17:52:28.889  INFO 3768 --- [restartedMain] com.example.devops.DevopsApplication     : Started DevopsApplication in 1.734 seconds (JVM running for 2.215)
2019-08-09 17:52:33.404  INFO 3768 --- [http-nio-8081-exec-1] o.a.c.c.C.[Tomcat].[localhost].[/]       : Initializing Spring DispatcherServlet 'dispatcherServlet'
2019-08-09 17:52:33.404  INFO 3768 --- [http-nio-8081-exec-1] o.s.web.servlet.DispatcherServlet        : Initializing Servlet 'dispatcherServlet'
2019-08-09 17:52:33.408  INFO 3768 --- [http-nio-8081-exec-1] o.s.web.servlet.DispatcherServlet        : Completed initialization in 4 ms
2019-08-09 17:53:26.679  INFO 3768 --- [RMI TCP Connection(7)-127.0.0.1] inMXBeanRegistrar$SpringApplicationAdmin : Application shutdown requested.
2019-08-09 17:53:26.685  INFO 3768 --- [RMI TCP Connection(7)-127.0.0.1] o.s.s.concurrent.ThreadPoolTaskExecutor  : Shutting down ExecutorService 'applicationTaskExecutor'
2019-08-09 17:56:09.782  INFO 9056 --- [restartedMain] com.example.devops.DevopsApplication     : Starting DevopsApplication on DIN13002277 with PID 9056 (C:\Users\trainee\git\devOps\devops\target\classes started by trainee in C:\Users\trainee\git\devOps\devops)
2019-08-09 17:56:09.784  INFO 9056 --- [restartedMain] com.example.devops.DevopsApplication     : The following profiles are active: dev
2019-08-09 17:56:09.814  INFO 9056 --- [restartedMain] .e.DevToolsPropertyDefaultsPostProcessor : Devtools property defaults active! Set 'spring.devtools.add-properties' to 'false' to disable
2019-08-09 17:56:09.814  INFO 9056 --- [restartedMain] .e.DevToolsPropertyDefaultsPostProcessor : For additional web related logging consider setting the 'logging.level.web' property to 'DEBUG'
2019-08-09 17:56:10.825  INFO 9056 --- [restartedMain] o.s.b.w.embedded.tomcat.TomcatWebServer  : Tomcat initialized with port(s): 8081 (http)
2019-08-09 17:56:10.844  INFO 9056 --- [restartedMain] o.apache.catalina.core.StandardService   : Starting service [Tomcat]
2019-08-09 17:56:10.844  INFO 9056 --- [restartedMain] org.apache.catalina.core.StandardEngine  : Starting Servlet engine: [Apache Tomcat/9.0.22]
2019-08-09 17:56:10.941  INFO 9056 --- [restartedMain] o.a.c.c.C.[Tomcat].[localhost].[/]       : Initializing Spring embedded WebApplicationContext
2019-08-09 17:56:10.941  INFO 9056 --- [restartedMain] o.s.web.context.ContextLoader            : Root WebApplicationContext: initialization completed in 1127 ms
2019-08-09 17:56:11.146  INFO 9056 --- [restartedMain] o.s.s.concurrent.ThreadPoolTaskExecutor  : Initializing ExecutorService 'applicationTaskExecutor'
2019-08-09 17:56:11.274  INFO 9056 --- [restartedMain] o.s.b.d.a.OptionalLiveReloadServer       : LiveReload server is running on port 35729
2019-08-09 17:56:11.319  INFO 9056 --- [restartedMain] o.s.b.w.embedded.tomcat.TomcatWebServer  : Tomcat started on port(s): 8081 (http) with context path ''
2019-08-09 17:56:11.322  INFO 9056 --- [restartedMain] com.example.devops.DevopsApplication     : Started DevopsApplication in 1.801 seconds (JVM running for 2.289)
2019-08-09 17:56:19.590  INFO 9056 --- [http-nio-8081-exec-2] o.a.c.c.C.[Tomcat].[localhost].[/]       : Initializing Spring DispatcherServlet 'dispatcherServlet'
2019-08-09 17:56:19.591  INFO 9056 --- [http-nio-8081-exec-2] o.s.web.servlet.DispatcherServlet        : Initializing Servlet 'dispatcherServlet'
2019-08-09 17:56:19.595  INFO 9056 --- [http-nio-8081-exec-2] o.s.web.servlet.DispatcherServlet        : Completed initialization in 4 ms
2019-08-09 18:02:27.831  INFO 9056 --- [Thread-7] o.s.s.concurrent.ThreadPoolTaskExecutor  : Shutting down ExecutorService 'applicationTaskExecutor'
2019-08-09 18:02:28.047  INFO 9056 --- [restartedMain] com.example.devops.DevopsApplication     : Starting DevopsApplication on DIN13002277 with PID 9056 (C:\Users\trainee\git\devOps\devops\target\classes started by trainee in C:\Users\trainee\git\devOps\devops)
2019-08-09 18:02:28.047  INFO 9056 --- [restartedMain] com.example.devops.DevopsApplication     : The following profiles are active: dev
2019-08-09 18:02:28.335  INFO 9056 --- [restartedMain] o.s.b.w.embedded.tomcat.TomcatWebServer  : Tomcat initialized with port(s): 8081 (http)
2019-08-09 18:02:28.336  INFO 9056 --- [restartedMain] o.apache.catalina.core.StandardService   : Starting service [Tomcat]
2019-08-09 18:02:28.336  INFO 9056 --- [restartedMain] org.apache.catalina.core.StandardEngine  : Starting Servlet engine: [Apache Tomcat/9.0.22]
2019-08-09 18:02:28.373  INFO 9056 --- [restartedMain] o.a.c.c.C.[Tomcat].[localhost].[/]       : Initializing Spring embedded WebApplicationContext
2019-08-09 18:02:28.373  INFO 9056 --- [restartedMain] o.s.web.context.ContextLoader            : Root WebApplicationContext: initialization completed in 323 ms
2019-08-09 18:02:28.434  INFO 9056 --- [restartedMain] o.s.s.concurrent.ThreadPoolTaskExecutor  : Initializing ExecutorService 'applicationTaskExecutor'
2019-08-09 18:02:28.477  INFO 9056 --- [restartedMain] o.s.b.d.a.OptionalLiveReloadServer       : LiveReload server is running on port 35729
2019-08-09 18:02:28.495  INFO 9056 --- [restartedMain] o.s.b.w.embedded.tomcat.TomcatWebServer  : Tomcat started on port(s): 8081 (http) with context path ''
2019-08-09 18:02:28.496  INFO 9056 --- [restartedMain] com.example.devops.DevopsApplication     : Started DevopsApplication in 0.483 seconds (JVM running for 379.437)
2019-08-09 18:02:28.498  INFO 9056 --- [restartedMain] .ConditionEvaluationDeltaLoggingListener : Condition evaluation unchanged
2019-08-09 18:02:35.171  INFO 9056 --- [http-nio-8081-exec-2] o.a.c.c.C.[Tomcat].[localhost].[/]       : Initializing Spring DispatcherServlet 'dispatcherServlet'
2019-08-09 18:02:35.172  INFO 9056 --- [http-nio-8081-exec-2] o.s.web.servlet.DispatcherServlet        : Initializing Servlet 'dispatcherServlet'
2019-08-09 18:02:35.187  INFO 9056 --- [http-nio-8081-exec-2] o.s.web.servlet.DispatcherServlet        : Completed initialization in 15 ms
2019-08-09 18:03:21.827  INFO 9056 --- [Thread-15] o.s.s.concurrent.ThreadPoolTaskExecutor  : Shutting down ExecutorService 'applicationTaskExecutor'
2019-08-09 18:03:22.077  INFO 9056 --- [restartedMain] com.example.devops.DevopsApplication     : Starting DevopsApplication on DIN13002277 with PID 9056 (C:\Users\trainee\git\devOps\devops\target\classes started by trainee in C:\Users\trainee\git\devOps\devops)
2019-08-09 18:03:22.078  INFO 9056 --- [restartedMain] com.example.devops.DevopsApplication     : The following profiles are active: dev
2019-08-09 18:03:22.320  INFO 9056 --- [restartedMain] o.s.b.w.embedded.tomcat.TomcatWebServer  : Tomcat initialized with port(s): 8081 (http)
2019-08-09 18:03:22.321  INFO 9056 --- [restartedMain] o.apache.catalina.core.StandardService   : Starting service [Tomcat]
2019-08-09 18:03:22.322  INFO 9056 --- [restartedMain] org.apache.catalina.core.StandardEngine  : Starting Servlet engine: [Apache Tomcat/9.0.22]
2019-08-09 18:03:22.342  INFO 9056 --- [restartedMain] o.a.c.c.C.[Tomcat].[localhost].[/]       : Initializing Spring embedded WebApplicationContext
2019-08-09 18:03:22.342  INFO 9056 --- [restartedMain] o.s.web.context.ContextLoader            : Root WebApplicationContext: initialization completed in 263 ms
2019-08-09 18:03:22.398  INFO 9056 --- [restartedMain] o.s.s.concurrent.ThreadPoolTaskExecutor  : Initializing ExecutorService 'applicationTaskExecutor'
2019-08-09 18:03:22.439  INFO 9056 --- [restartedMain] o.s.b.d.a.OptionalLiveReloadServer       : LiveReload server is running on port 35729
2019-08-09 18:03:22.454  INFO 9056 --- [restartedMain] o.s.b.w.embedded.tomcat.TomcatWebServer  : Tomcat started on port(s): 8081 (http) with context path ''
2019-08-09 18:03:22.455  INFO 9056 --- [restartedMain] com.example.devops.DevopsApplication     : Started DevopsApplication in 0.43 seconds (JVM running for 433.392)
2019-08-09 18:03:22.457  INFO 9056 --- [restartedMain] .ConditionEvaluationDeltaLoggingListener : Condition evaluation unchanged
2019-08-09 18:04:18.890  INFO 9056 --- [Thread-23] o.s.s.concurrent.ThreadPoolTaskExecutor  : Shutting down ExecutorService 'applicationTaskExecutor'
2019-08-09 18:04:19.067  INFO 9056 --- [restartedMain] com.example.devops.DevopsApplication     : Starting DevopsApplication on DIN13002277 with PID 9056 (C:\Users\trainee\git\devOps\devops\target\classes started by trainee in C:\Users\trainee\git\devOps\devops)
2019-08-09 18:04:19.068  INFO 9056 --- [restartedMain] com.example.devops.DevopsApplication     : The following profiles are active: dev
2019-08-09 18:04:19.347  INFO 9056 --- [restartedMain] o.s.b.w.embedded.tomcat.TomcatWebServer  : Tomcat initialized with port(s): 8081 (http)
2019-08-09 18:04:19.348  INFO 9056 --- [restartedMain] o.apache.catalina.core.StandardService   : Starting service [Tomcat]
2019-08-09 18:04:19.349  INFO 9056 --- [restartedMain] org.apache.catalina.core.StandardEngine  : Starting Servlet engine: [Apache Tomcat/9.0.22]
2019-08-09 18:04:19.370  INFO 9056 --- [restartedMain] o.a.c.c.C.[Tomcat].[localhost].[/]       : Initializing Spring embedded WebApplicationContext
2019-08-09 18:04:19.371  INFO 9056 --- [restartedMain] o.s.web.context.ContextLoader            : Root WebApplicationContext: initialization completed in 302 ms
2019-08-09 18:04:19.421  INFO 9056 --- [restartedMain] o.s.s.concurrent.ThreadPoolTaskExecutor  : Initializing ExecutorService 'applicationTaskExecutor'
2019-08-09 18:04:19.461  INFO 9056 --- [restartedMain] o.s.b.d.a.OptionalLiveReloadServer       : LiveReload server is running on port 35729
2019-08-09 18:04:19.477  INFO 9056 --- [restartedMain] o.s.b.w.embedded.tomcat.TomcatWebServer  : Tomcat started on port(s): 8081 (http) with context path ''
2019-08-09 18:04:19.478  INFO 9056 --- [restartedMain] com.example.devops.DevopsApplication     : Started DevopsApplication in 0.438 seconds (JVM running for 490.412)
2019-08-09 18:04:19.480  INFO 9056 --- [restartedMain] .ConditionEvaluationDeltaLoggingListener : Condition evaluation unchanged
2019-08-09 18:04:29.349  INFO 9056 --- [RMI TCP Connection(18)-127.0.0.1] inMXBeanRegistrar$SpringApplicationAdmin : Application shutdown requested.
2019-08-09 18:04:29.352  INFO 9056 --- [RMI TCP Connection(18)-127.0.0.1] o.s.s.concurrent.ThreadPoolTaskExecutor  : Shutting down ExecutorService 'applicationTaskExecutor'
